M_HWI-D00536:231:C8TENANXX:8:2213:2315:29508__1.98	39491__A0A3E4E7C5__DXB69_03255
M_HWI-D00536:231:C8TENANXX:7:1315:16243:70487__1.1016	78535__A0A380M603__NCTC1080_01206
M_HWI-D00536:231:C8TENANXX:7:2302:2932:53575__1.2011	39485__R6AET9__EUBELI_01205
M_HWI-D00536:231:C8TENANXX:8:2105:11453:95883__1.2543	261299__R5X494__SAMN02745147_0699
M_HISEQ:399:HK5V2BCXX:2:2116:20744:28085__1.2777	293939__A0A0S7DXK2__ALT_7486
M_HWI-D00536:231:C8TENANXX:8:2106:6975:39308__1.6283	1262965__R7MQS8__BN739_01907
M_HWI-D00536:231:C8TENANXX:8:1207:17892:56357__1.7358	165179__D1PHD6__DXC61_03380
M_HWI-D00536:231:C8TENANXX:7:2309:7405:33262__1.7632	1262924__R7HU74__BN585_00690
M_HWI-D00536:231:C8TENANXX:7:1105:20909:61571__1.9066	1262924__R7HN51__BN585_01718
M_HWI-D00536:231:C8TENANXX:8:2308:9553:55077__1.10208	165179__A0A3E5EB26__CFT61_02800
M_HWI-D00536:231:C8TENANXX:7:1209:8527:72154__1.10891	1262760__R5LZD3__BN758_00335
M_HWI-D00536:231:C8TENANXX:8:2108:18303:9161__1.14811	39492__D4JW10__pppA
M_HWI-D00536:231:C8TENANXX:7:1114:16311:68853__1.15527	165179__A0A3E5EDP4__DXB80_05800
M_HWI-D00536:231:C8TENANXX:7:1116:14032:27648__1.16104	39491__A0A396FEW6__T1815_18721
M_HWI-D00536:231:C8TENANXX:7:1102:1253:18271__1.18383	74426__group_4851
M_HWI-D00536:231:C8TENANXX:8:2110:19862:28038__1.18165	28052__R7NDB6__ERS852499_00304
M_HWI-D00536:231:C8TENANXX:8:2304:17631:86778__1.21536	1262760__R5LQT5__BN758_01258
M_HWI-D00536:231:C8TENANXX:8:2210:19180:34537__1.23017	261299__B0A7A0__pdaA_3
M_HWI-D00536:231:C8TENANXX:7:2203:2509:95483__1.25172	40520__A0A174IJ62__DXC87_06795
M_HWI-D00536:231:C8TENANXX:8:2113:17876:10414__1.25446	39492__D4JU30__EUBSIR_00838
M_HWI-D00536:231:C8TENANXX:7:1310:5905:49763__1.27496	154288__A0A174SJI6__ERS852466_01509
M_HWI-D00536:231:C8TENANXX:7:1315:8905:100495__1.27908	165179__D1PEQ5__PREVCOP_05711
M_HWI-D00536:231:C8TENANXX:7:1209:16044:85376__1.28485	458033__GCA_001482755.1_02203
M_HWI-D00536:231:C8TENANXX:7:2205:8620:96106__1.32285	39485__A0A174Z9M2__yhbU_1
M_HWI-D00536:231:C8TENANXX:8:2209:10988:1857__1.32897	261299__B0A8Q2__SAMN02745147_1554
M_HWI-D00536:231:C8TENANXX:7:1312:19066:99532__1.32879	357276__I9RCD3__IY41_15070
M_HWI-D00536:231:C8TENANXX:7:1202:20102:12946__1.33579	28132__D9RV83__HMPREF0660_00835
M_HWI-D00536:231:C8TENANXX:8:1108:18912:94562__1.34190	1262816__R6C4M1__BN687_02367
M_HWI-D00536:231:C8TENANXX:8:1115:17545:6398__1.34101	1262965__R7MRJ6__BN739_01754
M_HWI-D00536:231:C8TENANXX:7:2203:7472:85959__1.34458	1267__A0A173WX72__ERS852473_00133
M_HWI-D00536:231:C8TENANXX:7:2211:8340:86582__1.35347	1262965__R7MRA4__BN739_01717
M_HWI-D00536:231:C8TENANXX:8:1212:6157:75619__1.36632	39485__C4Z390__EUBELI_01689
M_HWI-D00536:231:C8TENANXX:8:2302:5756:60461__1.39011	28052__A0A174LZK5__ERS852451_02148
M_HISEQ:399:HK5V2BCXX:2:2114:19100:10776__1.43340	167__F2NT64__Tresu_1764
M_HWI-D00536:231:C8TENANXX:8:2310:16248:10662__1.48117	1262965__R7MTE9__BN739_00336
M_HWI-D00536:231:C8TENANXX:8:1306:6940:87888__1.49531	39491__C4Z9E9__T1815_12341
M_HWI-D00536:231:C8TENANXX:8:2213:5200:67071__1.49662	165179__A0A3E5EB26__CFT61_02800
M_HWI-D00536:231:C8TENANXX:7:2306:13749:92859__1.50437	39485__R5ZSI4__ERS852492_00875
M_HWI-D00536:231:C8TENANXX:7:2301:3247:37784__1.51117	1262965__R7MRG4__BN739_00360
M_HISEQ:399:HK5V2BCXX:2:1106:7290:62557__1.52153	1261__D3MR67__SAMN05660467_01650
M_HWI-D00536:231:C8TENANXX:7:2111:12922:82178__1.53318	39491__A0A174LTW7__DXD13_08720
M_HWI-D00536:231:C8TENANXX:7:1115:3073:68568__1.53594	1262930__R5ZWP2__BN693_01542
M_HWI-D00536:231:C8TENANXX:8:2309:17334:55808__1.53737	261299__W1UK35__SAMN02745147_1320
M_HISEQ:399:HK5V2BCXX:2:1113:2423:92074__1.57390	167__F2NRM4__Tresu_0918
M_HWI-D00536:231:C8TENANXX:8:1215:12229:48996__1.61810	74426__rpoC
M_HISEQ:399:HK5V2BCXX:2:1101:7191:44384__1.63524	293939__A0A0S7DXK2__ALT_7486
M_HWI-D00536:231:C8TENANXX:7:2301:15422:22044__1.63788	1262965__R7MHM4__BN739_00592
M_HWI-D00536:231:C8TENANXX:8:1112:16243:68486__1.65234	1262760__R5LA23__BN758_00598
M_HWI-D00536:231:C8TENANXX:8:1306:3742:42654__1.65965	1262965__R7MSN5__BN739_00170
M_HWI-D00536:231:C8TENANXX:8:1307:16818:61895__1.69200	626940__E8LBE7__BN587_01102
M_HWI-D00536:231:C8TENANXX:8:2208:12165:94191__1.69474	357276__A0A0K2HJA6__DXD47_07320
M_HWI-D00536:231:C8TENANXX:8:1211:8474:58997__1.69906	1262886__R6RCJ1__BN563_00406
M_HWI-D00536:231:C8TENANXX:8:2303:18948:57471__1.73593	165179__A0A3E5AG99__DXB80_04390
M_HWI-D00536:231:C8TENANXX:8:1216:9859:87276__1.74815	1262816__R6CQW6__BN687_01990
M_HWI-D00536:231:C8TENANXX:8:1211:10156:44858__1.76877	167__F2NSA5__Tresu_1642
M_HWI-D00536:231:C8TENANXX:7:2202:16785:97472__1.77892	360807__A0A0M6WHB7__ERS852444_00092
M_HWI-D00536:231:C8TENANXX:7:2106:12209:88859__1.77903	261299__W1UX63__CLOBAR_01951
M_HWI-D00536:231:C8TENANXX:7:1112:20357:69707__1.79127	28052__A0A174IJM6__cph2_4
M_HWI-D00536:231:C8TENANXX:8:2204:9996:35943__1.78918	1267__A0A174AVI6__ERS852473_01446
M_HWI-D00536:231:C8TENANXX:8:2301:11992:12195__1.79427	39485__A0A174YWE7__EUBELI_00979
M_HWI-D00536:231:C8TENANXX:7:2212:13453:44672__1.79705	360807__R5HHK5__ROSEINA2194_02134
M_HWI-D00536:231:C8TENANXX:7:2107:4411:65520__1.79606	1267__A0A174C932__gltC_3
M_HWI-D00536:231:C8TENANXX:7:1213:10931:91184__1.80190	1735__B7CE21__EUBIFOR_02456
M_HWI-D00536:231:C8TENANXX:8:2315:17505:12586__1.80674	165179__A0A174IPI3__CFT61_10940
M_HWI-D00536:231:C8TENANXX:8:2114:13773:88681__1.81042	1262760__R5LR25__BN758_01330
M_HWI-D00536:231:C8TENANXX:7:2202:11015:98418__1.81504	363265__R7H9U7__HMPREF0673_01259
M_HWI-D00536:231:C8TENANXX:8:2310:2527:22880__1.81602	1262760__R5LTZ6__BN758_01715
M_HISEQ:399:HK5V2BCXX:2:2204:5719:58132__1.83171	301301__A0A395VA74__RHOM_00280
M_HWI-D00536:231:C8TENANXX:8:2116:14805:71760__1.84546	88431__A6BGH9__ERS852408_02691
M_HWI-D00536:231:C8TENANXX:7:1316:4083:27604__1.84898	1267__A0A174BNC3__NCTC12966_01835
M_HWI-D00536:231:C8TENANXX:7:1315:20436:13832__1.85455	116085__D4J6E5__DW747_15815
M_HWI-D00536:231:C8TENANXX:8:2104:18710:65448__1.87323	28052__A0A174JFD0__ERS852499_01102
M_HWI-D00536:231:C8TENANXX:7:1101:4949:85285__1.87442	167__F2NX07__Tresu_0389
M_HWI-D00536:231:C8TENANXX:7:2313:16606:36956__1.88594	1262965__R7MNZ9__BN739_01415
M_HISEQ:399:HK5V2BCXX:2:1105:6119:27433__1.88652	1263011__R6DZ06__BN553_00907
M_HWI-D00536:231:C8TENANXX:8:1306:2985:59262__1.89425	1150298__A0A174KW35__cbbX
M_HWI-D00536:231:C8TENANXX:7:1207:17483:16038__1.90062	167__F2NX07__Tresu_0389
M_HISEQ:399:HK5V2BCXX:2:2112:18045:96610__1.89910	39492__D4MMN2__EUBSIR_00964
M_HWI-D00536:231:C8TENANXX:8:1204:18546:86166__1.90384	301302__A0A173UAS4__M72_15061
M_HWI-D00536:231:C8TENANXX:8:1108:18216:18934__1.91039	165179__D1PCT4__DXB80_09470
M_HWI-D00536:231:C8TENANXX:7:2201:17740:46975__1.91792	1262816__R6BZY1__BN687_00746
M_HWI-D00536:231:C8TENANXX:7:2307:15990:72586__1.92764	39485__C4Z434__tilS
M_HWI-D00536:231:C8TENANXX:8:2213:5052:8673__1.93418	165179__A0A174UTZ7__DXC61_06705
M_HWI-D00536:231:C8TENANXX:7:1105:20135:63790__1.94395	165179__D1PCT4__DXB80_09470
M_HWI-D00536:231:C8TENANXX:8:2208:10154:15759__1.94517	363265__R7GYE9__HMPREF0673_00814
M_HWI-D00536:231:C8TENANXX:7:2316:4870:57696__1.95696	301302__R5UVE7__ERS852420_01292
M_HISEQ:399:HK5V2BCXX:2:2115:2468:36314__1.95432	315405__F5X192__SAMN04487841_0735
M_HWI-D00536:231:C8TENANXX:7:1115:13930:57200__1.96953	1262760__R5LZD3__BN758_00335
M_HWI-D00536:231:C8TENANXX:8:2216:3834:80638__1.97377	261299__W1UJ97__SAMN02745147_0057
M_HWI-D00536:231:C8TENANXX:8:2313:19423:82129__1.98214	1262965__R7MK33__BN739_00706
M_HISEQ:399:HK5V2BCXX:2:2204:8518:21613__1.98832	2022527__A0A264Y6D2__CHL74_09380
M_HWI-D00536:231:C8TENANXX:7:2110:12023:17739__1.99402	154288__A0A0X8G2J0__ERS852422_02219
M_HWI-D00536:231:C8TENANXX:8:1311:9972:68989__1.99988	301302__R5UPH9__M72_00521
M_HWI-D00536:231:C8TENANXX:8:1309:3421:66044__1.100947	261299__B0ACI3__SAMN02745147_2132
M_HWI-D00536:231:C8TENANXX:7:2304:9545:63831__1.100809	626940__E8LFZ5__HMPREF9443_01789
M_HWI-D00536:231:C8TENANXX:7:1115:17032:45829__1.101209	261299__R5X5K0__CLOBAR_00905
M_HWI-D00536:231:C8TENANXX:8:1105:2399:87343__1.101648	165179__A0A3E5DZ85__PREVCOP_04238
M_HWI-D00536:231:C8TENANXX:7:2109:17087:62372__1.101846	165179__A0A3E5DRF6__DXC61_00200
M_HWI-D00536:231:C8TENANXX:7:1308:19575:5652__1.102732	28052__R7NDB6__ERS852499_00304
M_HWI-D00536:231:C8TENANXX:8:1103:20116:29186__1.105546	165179__A0A174W369__PREVCOP_04548
M_HWI-D00536:231:C8TENANXX:7:2316:21236:39563__1.106131	1262965__R7MLA4__BN739_01097
M_HWI-D00536:231:C8TENANXX:7:2109:15527:98024__1.107786	1262760__R5L619__BN758_00730
M_HWI-D00536:231:C8TENANXX:8:2212:17858:25241__1.109673	1262992__R5CY96__BN795_00067
M_HWI-D00536:231:C8TENANXX:7:2311:16842:38071__1.114397	261299__R5X8N7__ERS852493_00952
M_HWI-D00536:231:C8TENANXX:7:2112:2044:67360__1.116521	1262965__R7MT45__BN739_00271
M_HWI-D00536:231:C8TENANXX:7:2312:9136:49403__1.117433	820__A0A174F0C1__nreB
M_HWI-D00536:231:C8TENANXX:7:1202:14340:94692__1.118504	1897011__A0A1Q6RDN7__BHW41_05650
M_HWI-D00536:231:C8TENANXX:7:2316:6748:89669__1.119285	39485__A0A174YVB5__lyc
M_HWI-D00536:231:C8TENANXX:8:1106:20819:87508__1.120065	1267__A0A173Y8R9__ERS852473_00590
M_HWI-D00536:231:C8TENANXX:7:1214:15551:34293__1.122479	1262965__R7MJU0__BN739_00875
M_HWI-D00536:231:C8TENANXX:8:2305:2169:85949__1.122589	1262816__R6BTG4__BN687_00120
M_HWI-D00536:231:C8TENANXX:7:2107:18368:87125__1.123426	1262965__R7MIG8__BN739_00874
M_HWI-D00536:231:C8TENANXX:8:1216:9970:47448__1.125186	1262761__R6QND0__BN606_00112
M_HWI-D00536:231:C8TENANXX:8:1306:19196:54373__1.125837	261299__R5Y4V6__addA
M_HWI-D00536:231:C8TENANXX:7:2215:5047:32102__1.127440	167__F2NX07__Tresu_0389
M_HISEQ:399:HK5V2BCXX:2:1106:14377:40625__1.127896	165179__A0A3E5DX15__DXC61_00345
M_HWI-D00536:231:C8TENANXX:7:1109:19091:56172__1.128738	261299__B0A6Y1__SAMN02745147_1607
M_HWI-D00536:231:C8TENANXX:8:2316:5450:97996__1.129268	322505__group_105
M_HWI-D00536:231:C8TENANXX:7:2208:1245:78678__1.130138	39491__A0A396FRK0__ERS852417_00541
M_HISEQ:399:HK5V2BCXX:2:1206:8928:43659__1.131636	884684__GCA_002892425.1_01408
M_HWI-D00536:231:C8TENANXX:7:1206:12706:90075__1.135495	165179__D1P9T6__PREVCOP_04016
M_HWI-D00536:231:C8TENANXX:7:2304:11616:20950__1.136019	1262930__R6AHR4__BN693_00447
M_HWI-D00536:231:C8TENANXX:7:1104:8092:55631__1.137892	1262816__R6C3X7__BN687_02202
M_HWI-D00536:231:C8TENANXX:8:1210:7166:77380__1.139126	1262816__R6C597__BN687_00292
M_HWI-D00536:231:C8TENANXX:7:1306:10548:7683__1.139534	1261635__A0A1Q9J7T8__BIV16_02180
M_HWI-D00536:231:C8TENANXX:7:2306:11780:88633__1.139876	2173__A0A1D2WRI1__BK798_01230
M_HWI-D00536:231:C8TENANXX:8:2102:3010:69664__1.140650	74426__group_4851
M_HWI-D00536:231:C8TENANXX:8:1106:2142:3621__1.141175	39485__A0A174ZA72__glgB_1
M_HISEQ:399:HK5V2BCXX:2:2105:8223:73978__1.141528	387090__S0F587__BACCOPRO_00096
M_HISEQ:399:HK5V2BCXX:2:2203:12168:16661__1.141898	28052__A0A174I4I1__ERS852499_00646
M_HWI-D00536:231:C8TENANXX:8:1309:6420:77628__1.141984	1262760__R5L6U4__BN758_00921
M_HWI-D00536:231:C8TENANXX:7:1206:13103:97005__1.142276	1262965__R7MRA4__BN739_01717
M_HWI-D00536:231:C8TENANXX:8:2109:8986:98887__1.142520	76489__A0A1E8EUC5__CLOACE_23150
M_HISEQ:399:HK5V2BCXX:2:1102:21073:48101__1.143247	116085__D4J678__DW747_12620
M_HISEQ:399:HK5V2BCXX:2:1109:2249:80073__1.144651	167__F2NSA5__Tresu_1642
M_HWI-D00536:231:C8TENANXX:7:1116:12718:59089__1.146237	1267__A0A173XFP7__pbpA_1
M_HWI-D00536:231:C8TENANXX:7:1112:18940:14700__1.147489	39485__C4Z637__ERS852490_00218
M_HWI-D00536:231:C8TENANXX:8:2108:20077:73991__1.147881	1262816__R6CSL4__BN687_00247
M_HWI-D00536:231:C8TENANXX:8:2111:6628:74658__1.147731	1262761__R6R744__BN606_01303
M_HWI-D00536:231:C8TENANXX:8:2308:15363:55587__1.149565	165179__A0A3E5A554__DXB80_13805
M_HWI-D00536:231:C8TENANXX:7:1105:14974:33243__1.150337	301302__A0A0M6WWC3__M72_11371
M_HWI-D00536:231:C8TENANXX:8:1109:17958:65551__1.151134	167__F2NSA6__Tresu_1643
M_HWI-D00536:231:C8TENANXX:7:2215:6121:20566__1.153332	1267__A0A173ZWX3__tmpC
M_HWI-D00536:231:C8TENANXX:7:2203:8734:75366__1.153492	1262919__R5P3S2__BN465_00522
M_HWI-D00536:231:C8TENANXX:7:1210:10841:98309__1.154130	261299__B0A8C3__CLOBAR_00882
M_HWI-D00536:231:C8TENANXX:7:2106:5133:51997__1.155332	165179__A0A3E5AGH1__DXB80_05820
M_HWI-D00536:231:C8TENANXX:7:2205:16441:57832__1.156013	39485__R5ZT06__EUBELI_20526
M_HWI-D00536:231:C8TENANXX:8:2314:11239:2218__1.157099	165179__A0A3E5A5E5__DXC61_13965
M_HWI-D00536:231:C8TENANXX:7:2315:11870:3331__1.158939	28052__R7N8I1__pimB_4
M_HWI-D00536:231:C8TENANXX:7:2214:19136:29146__1.159736	28125__E1KUB9__PrebiDRAFT_1280
M_HWI-D00536:231:C8TENANXX:7:2308:10170:74002__1.159904	1263011__R6E2T8__BN553_01793
M_HWI-D00536:231:C8TENANXX:7:1312:14555:77278__1.160659	1262816__R6CWA1__BN687_01479
M_HISEQ:399:HK5V2BCXX:2:1209:1612:91117__1.162215	165179__A0A3E5A5E5__DXC61_13965
M_HWI-D00536:231:C8TENANXX:8:2314:3264:9724__1.162240	261299__W1UQV1__SAMN02745147_0688
M_HWI-D00536:231:C8TENANXX:7:2208:13409:13210__1.162681	242750__D1PVG9__HMPREF0645_0954
M_HWI-D00536:231:C8TENANXX:8:1307:20186:8585__1.163862	165179__A0A3E5ECZ7__PREVCOP_06006
M_HWI-D00536:231:C8TENANXX:7:1204:11024:30390__1.166454	1267__A0A173ZLR3__qacA_1
M_HWI-D00536:231:C8TENANXX:8:2208:20223:96036__1.166669	165179__A0A3E5AE59__DXC61_12885
M_HWI-D00536:231:C8TENANXX:7:2203:9187:34935__1.167990	853__A0A2A7A4A9__C4N21_14870
M_HISEQ:399:HK5V2BCXX:2:1105:3198:82181__1.169003	1262761__R6QWI4__BN606_00934
M_HWI-D00536:231:C8TENANXX:8:2213:3673:67479__1.170196	1262965__R7MNZ9__BN739_01415
M_HWI-D00536:231:C8TENANXX:8:1205:10149:28287__1.170282	301302__R5VCU3__cbiK_2
M_HWI-D00536:231:C8TENANXX:8:1202:1603:62799__1.171259	39491__D6DXZ8__DXB72_15035
M_HWI-D00536:231:C8TENANXX:8:1304:11071:37916__1.172390	458033__GCA_001482755.1_02203
M_HISEQ:399:HK5V2BCXX:2:1111:20361:36291__1.179156	167__F2NS62__Tresu_1461
M_HWI-D00536:231:C8TENANXX:8:1111:4482:97304__1.179920	745368__A0A1T4Y963__SAMN02745178_02859
M_HWI-D00536:231:C8TENANXX:7:2109:19832:57309__1.180108	165179__W1I4H6__DXB80_13655
M_HWI-D00536:231:C8TENANXX:8:2102:7278:38786__1.183153	293939__A0A0S7DXK2__ALT_7486
M_HWI-D00536:231:C8TENANXX:7:1108:16537:41406__1.185022	39485__A0A174YTX0__mro
M_HISEQ:399:HK5V2BCXX:2:1113:5614:24745__1.185544	28052__R7NCP0__ERS852451_00670
M_HWI-D00536:231:C8TENANXX:8:2202:13311:80765__1.186060	1262965__R7MIG8__BN739_00874
M_HWI-D00536:231:C8TENANXX:8:2216:16137:57972__1.187267	261299__R5Y3I2__SAMN02745147_0945
M_HWI-D00536:231:C8TENANXX:7:2110:13756:9618__1.187938	165179__A0A229I7F5__DXB80_02650
M_HWI-D00536:231:C8TENANXX:8:1313:17833:55180__1.191175	165179__D1PFV4__PREVCOP_06112
M_HWI-D00536:231:C8TENANXX:7:2109:4406:14226__1.191677	1263006__R6LPK6__BN515_01980
M_HWI-D00536:231:C8TENANXX:8:1309:6612:38364__1.193325	360807__C0G083__ROSEINA2194_04432
M_HWI-D00536:231:C8TENANXX:8:1104:13034:95044__1.193665	2022527__A0A264Y3P9__CHL74_14355
M_HISEQ:399:HK5V2BCXX:2:2205:19437:20331__1.194050	167__F2NT52__Tresu_1752
M_HWI-D00536:231:C8TENANXX:7:2302:12414:45288__1.194757	261299__A0A1T4UCY2__CLOBAR_02651
M_HISEQ:399:HK5V2BCXX:2:1113:7892:37281__1.195188	1262965__R7MSH3__BN739_00148
M_HWI-D00536:231:C8TENANXX:8:1305:18215:68315__1.195778	167__F2NT52__Tresu_1752
M_HISEQ:399:HK5V2BCXX:2:2207:7359:50777__1.200464	165179__A0A3E5EB26__CFT61_02800
M_HWI-D00536:231:C8TENANXX:8:2211:18913:78293__1.201654	165179__A0A3E5E7J5__DXC61_10360
M_HWI-D00536:231:C8TENANXX:7:2204:10637:62648__1.202072	165179__A0A3E5E5L1__DXB80_05980
M_HISEQ:399:HK5V2BCXX:2:2212:20777:96756__1.203842	167__F2NX07__Tresu_0389
M_HWI-D00536:231:C8TENANXX:7:2211:19467:46791__1.206551	301302__R5VEI6__cysA_2
M_HWI-D00536:231:C8TENANXX:7:1111:13951:7447__1.210856	1262816__R6BYX7__BN687_00408
M_HISEQ:399:HK5V2BCXX:2:2213:20245:11394__1.213470	167__F2NT18__Tresu_1717
M_HWI-D00536:231:C8TENANXX:7:1113:4560:71777__1.215131	165179__D1PEW8__DXB80_13775
M_HWI-D00536:231:C8TENANXX:7:1205:4708:35243__1.215241	1261635__A0A1Q9J001__BIV16_14715
M_HISEQ:399:HK5V2BCXX:2:1102:11143:4555__1.217180	1262988__R7N2N0__BN816_00043
M_HISEQ:399:HK5V2BCXX:2:2211:19179:9355__1.218115	28052__A0A174I0A5__ERS852499_00618
M_HISEQ:399:HK5V2BCXX:2:1113:10332:59257__1.218839	165179__D1PGU8__PREVCOP_06463
M_HWI-D00536:231:C8TENANXX:8:2204:10079:92501__1.221647	387090__S0FBK4__BACCOPRO_01365
M_HWI-D00536:231:C8TENANXX:8:1210:5621:32974__1.222936	100886__E2NWA3__ERS852383_04673
M_HISEQ:399:HK5V2BCXX:2:2102:17994:62236__1.223331	165179__D1P9T6__PREVCOP_04016
M_HWI-D00536:231:C8TENANXX:8:2302:10778:54226__1.224338	165179__A0A3E5AHY4__CFT61_07675
M_HISEQ:399:HK5V2BCXX:2:2115:4570:15997__1.228986	165179__A0A3E5A554__DXB80_13805
M_HWI-D00536:231:C8TENANXX:8:2115:14067:33991__1.229509	1263030__R5CYD8__BN705_00700
M_HWI-D00536:231:C8TENANXX:7:1305:6248:98582__1.229671	360807__C0FP30__ROSEINA2194_00482
M_HWI-D00536:231:C8TENANXX:7:1305:9129:12585__1.230094	360807__A0A396ACQ8__ROSEINA2194_00690
M_HWI-D00536:231:C8TENANXX:7:2201:5900:94991__1.232495	301302__R5VGE0__ERS852420_00121
M_HWI-D00536:231:C8TENANXX:8:2208:6728:99925__1.237370	76489__A0A1E8EUC5__CLOACE_23150
M_HWI-D00536:231:C8TENANXX:8:2303:18683:76779__1.238032	1262965__R7MPD7__BN739_01384
M_HWI-D00536:231:C8TENANXX:8:2203:12475:100742__1.238349	2173__A0A1D2WV05__BK798_06920
M_HWI-D00536:231:C8TENANXX:7:1212:20031:55294__1.241680	1262965__R7MN05__BN739_01078
M_HWI-D00536:231:C8TENANXX:7:1105:12325:50680__1.242412	1267__A0A173XL69__NCTC12966_01504
M_HISEQ:399:HK5V2BCXX:2:2204:9015:44476__1.243323	853__A0A173YYY4__DWZ04_09420
M_HWI-D00536:231:C8TENANXX:8:2314:7019:25880__1.244754	363265__R6F5L9__HMPREF0673_00327
M_HWI-D00536:231:C8TENANXX:8:2111:6279:80893__1.245489	39488__A0A173SXL5__DXD91_06505
M_HWI-D00536:231:C8TENANXX:8:1105:17152:33476__1.245635	28125__E1KUB9__PrebiDRAFT_1280
M_HWI-D00536:231:C8TENANXX:8:1113:20736:27654__1.245764	165179__D1PDJ4__DXB80_08505
M_HWI-D00536:231:C8TENANXX:7:1101:10301:70069__1.246227	39485__A0A174YYW2__benM
M_HWI-D00536:231:C8TENANXX:8:2106:13930:88715__1.247178	820__A0A3E4W6P0__gmhA
M_HWI-D00536:231:C8TENANXX:8:1102:5070:71943__1.249816	39485__A0A175A273__plsX_2
M_HWI-D00536:231:C8TENANXX:7:1110:6899:78529__1.250315	39488__A0A173SKQ5__DXD91_03870
M_HWI-D00536:231:C8TENANXX:8:1202:18949:5375__1.253770	1261635__A0A1Q9IZW6__BIV16_15375
M_HWI-D00536:231:C8TENANXX:8:2214:20485:72797__1.254835	165179__A0A3E4SDC8__PREVCOP_05706
M_HISEQ:399:HK5V2BCXX:2:1109:9392:13974__1.255657	1262942__R7QX64__BN520_01187
M_HWI-D00536:231:C8TENANXX:8:1101:3367:71459__1.256609	261299__B0ADV4__SAMN02745147_1427
M_HWI-D00536:231:C8TENANXX:8:2316:4752:59229__1.257644	261299__B0A6R1__SAMN02745147_1676
M_HWI-D00536:231:C8TENANXX:7:1112:10413:29608__1.258865	261299__W1URQ7__pknK
M_HWI-D00536:231:C8TENANXX:8:1115:15451:51495__1.259043	167__F2NTC0__Tresu_1963
M_HWI-D00536:231:C8TENANXX:7:2202:5823:18133__1.261611	261299__R5X8F9__CLOBAR_02612
M_HWI-D00536:231:C8TENANXX:8:2206:8184:85647__1.262879	165179__A0A174SR12__DXB80_04410
M_HWI-D00536:231:C8TENANXX:8:1303:8237:43651__1.265306	165179__A0A3E5EBQ2__DXC61_01930
M_HWI-D00536:231:C8TENANXX:7:2109:17416:36997__1.267760	1262761__R6QHJ4__BN606_00427
M_HWI-D00536:231:C8TENANXX:7:2309:13647:62255__1.269771	167__F2NT52__Tresu_1752
M_HWI-D00536:231:C8TENANXX:8:2211:8434:54226__1.269916	1262816__R6CV07__BN687_01118
M_HWI-D00536:231:C8TENANXX:8:2306:16519:99338__1.271442	167__F2NUP6__Tresu_0957
M_HWI-D00536:231:C8TENANXX:8:1215:2009:20685__1.272540	1262760__R5LTZ6__BN758_01715
M_HWI-D00536:231:C8TENANXX:8:2306:10165:15774__1.273813	167__F2NSA6__Tresu_1643
M_HWI-D00536:231:C8TENANXX:7:2116:4236:45329__1.274368	39491__A0A395ZGE4__ERS852497_01269
M_HWI-D00536:231:C8TENANXX:8:1205:12239:51419__1.275129	853__A0A173YYY4__DWZ04_09420
M_HWI-D00536:231:C8TENANXX:8:2112:3317:70298__1.278751	1262929__R6F6C8__BN691_01344
M_HWI-D00536:231:C8TENANXX:8:2113:15088:19595__1.278701	301302__R5UK77__M72_08681
M_HISEQ:399:HK5V2BCXX:2:2102:12617:60860__1.281965	1262942__R7QXW7__BN520_01310
M_HWI-D00536:231:C8TENANXX:7:2206:8373:47434__1.284767	1105031__J1H3W2__HMPREF1141_2783
M_HWI-D00536:231:C8TENANXX:8:2206:14282:37773__1.286389	1262825__R5E3H9__BN724_01592
M_HWI-D00536:231:C8TENANXX:8:1302:13051:45386__1.286896	165179__A0A3E5E3D6__DXC61_05750
M_HWI-D00536:231:C8TENANXX:8:1210:8164:39757__1.289593	626940__E8LB15__HMPREF9443_00020
M_HWI-D00536:231:C8TENANXX:7:2315:12720:67685__1.292991	1735__B7C9V5__EUBIFOR_00959
M_HWI-D00536:231:C8TENANXX:7:2111:10718:20991__1.293402	1262816__R6BZL8__BN687_00036
M_HWI-D00536:231:C8TENANXX:7:2214:1430:84232__1.293981	363265__R7H7G4__HMPREF0673_00391
M_HWI-D00536:231:C8TENANXX:7:2306:4210:24741__1.294115	706562__GCA_900112995.1_01416
M_HWI-D00536:231:C8TENANXX:7:1115:20321:32195__1.298398	649756__D4MW63__DCR88_07570
M_HWI-D00536:231:C8TENANXX:7:1104:4930:11477__1.298811	39491__A0A395V0H6__ERS852580_02570
M_HISEQ:399:HK5V2BCXX:2:1216:17880:59950__1.300438	1262760__R5LA92__BN758_01569
M_HWI-D00536:231:C8TENANXX:7:1313:10577:98598__1.300518	2173__A0A1D2WWE0__METSMIF1_03349
M_HWI-D00536:231:C8TENANXX:8:1103:6663:71911__1.300817	1262965__R7MRB9__BN739_00216
M_HWI-D00536:231:C8TENANXX:8:1101:16683:89823__1.301719	39492__D4JRZ7__smc
M_HWI-D00536:231:C8TENANXX:7:1315:13729:57236__1.301882	1262760__R5LDI7__BN758_02041
M_HWI-D00536:231:C8TENANXX:8:1205:16692:40828__1.302255	1262816__R6BYX7__BN687_00408
M_HWI-D00536:231:C8TENANXX:8:2109:4274:58204__1.302310	261299__W1ULP5__CLOBAR_02130
M_HWI-D00536:231:C8TENANXX:8:2206:19787:53741__1.303872	610243__A0A060QJF7__ASAP_2763
M_HISEQ:399:HK5V2BCXX:2:1101:7510:89571__1.304850	165179__A0A3E5AG99__DXB80_04390
M_HWI-D00536:231:C8TENANXX:7:1305:16595:91274__1.308215	1263006__R6LZ65__BN515_01602
M_HWI-D00536:231:C8TENANXX:8:2215:12027:17732__1.308852	1262760__R5LR70__BN758_01365
M_HWI-D00536:231:C8TENANXX:7:2116:3321:47890__1.312682	167__F2NX07__Tresu_0389
M_HWI-D00536:231:C8TENANXX:7:2316:18318:55524__1.312717	167__F2NSA5__Tresu_1642
M_HWI-D00536:231:C8TENANXX:7:2211:14729:61128__1.312928	28052__A0A174JFI2__ERS852451_01072
M_HWI-D00536:231:C8TENANXX:7:2312:14563:87137__1.313575	40518__R5DRG6__ylbJ
M_HWI-D00536:231:C8TENANXX:7:2202:14260:77168__1.313584	28052__A0A174GFL5__ERS852451_00478
M_HWI-D00536:231:C8TENANXX:7:1212:1934:88847__1.314641	74426__groL
M_HWI-D00536:231:C8TENANXX:8:1204:10985:72521__1.317690	165179__D1PCT4__DXB80_09470
M_HISEQ:399:HK5V2BCXX:2:1203:15591:45207__1.317467	1262816__R6BYX7__BN687_00408
M_HWI-D00536:231:C8TENANXX:7:1104:1302:9022__1.318391	363265__G6AWA4__HMPREF0673_00902
M_HISEQ:399:HK5V2BCXX:2:1212:16952:19051__1.318860	384639__GCA_003096855.1_01174
M_HWI-D00536:231:C8TENANXX:7:1206:7279:76104__1.319138	1262924__R7HU74__BN585_00690
M_HWI-D00536:231:C8TENANXX:7:1102:7602:50849__1.321030	1262816__R6BYI1__BN687_00278
M_HWI-D00536:231:C8TENANXX:7:2306:4413:6358__1.323265	165179__R6XIF8__DXC61_07265
M_HWI-D00536:231:C8TENANXX:7:1307:9641:77907__1.323869	39492__D4JTW6__ERS852540_00220
M_HWI-D00536:231:C8TENANXX:8:2311:12313:96816__1.325184	28052__A0A174IKM0__ERS852499_00833
M_HWI-D00536:231:C8TENANXX:8:1310:12805:80498__1.325477	167__F2NVX8__Tresu_1814
M_HWI-D00536:231:C8TENANXX:7:1212:13646:16746__1.326567	84024__A0A174FSY9__ERS852384_03233
M_HWI-D00536:231:C8TENANXX:7:2111:17067:100834__1.327037	360807__C0FRV5__ROSEINA2194_01466
M_HISEQ:399:HK5V2BCXX:2:2109:18379:77594__1.327086	1267__A0A173ZT83__phoR_4
M_HWI-D00536:231:C8TENANXX:8:1304:12435:68365__1.327215	1262965__R7MM34__BN739_00081
M_HWI-D00536:231:C8TENANXX:7:1205:19091:39365__1.328649	1262965__R7MKH4__BN739_00450
M_HISEQ:399:HK5V2BCXX:2:1213:20097:31585__1.336623	39491__A0A396FNP1__DXD95_06025
M_HWI-D00536:231:C8TENANXX:8:1210:20758:21983__1.338324	853__A0A3E2U7E6__ERS852582_01640
M_HWI-D00536:231:C8TENANXX:8:2302:13813:31866__1.338434	167__F2NVX8__Tresu_1814
M_HWI-D00536:231:C8TENANXX:8:2309:11143:28727__1.339515	39485__C4Z208__ywiB
M_HWI-D00536:231:C8TENANXX:7:2114:3450:70414__1.339305	154288__A0A120IDK5__ERS852561_00546
M_HWI-D00536:231:C8TENANXX:8:1206:16491:47541__1.339731	165179__A0A229I6N7__DXC61_06720
M_HWI-D00536:231:C8TENANXX:7:1112:11556:6683__1.340421	165179__D1PE06__DXC61_05975
M_HWI-D00536:231:C8TENANXX:8:2210:21016:28927__1.341689	1262965__R7MLE3__BN739_01136
M_HWI-D00536:231:C8TENANXX:7:1305:13596:56839__1.344526	28132__D9RV83__HMPREF0660_00835
M_HWI-D00536:231:C8TENANXX:8:1212:9636:62790__1.350111	61171__B9Y5T8__HOLDEFILI_01170
M_HWI-D00536:231:C8TENANXX:7:2211:2245:84755__1.351977	446860__A0A0U2YVQ9__AS188_07470
M_HWI-D00536:231:C8TENANXX:7:2314:8886:23489__1.352452	167__F2NUS9__Tresu_0990
M_HWI-D00536:231:C8TENANXX:8:2110:4184:74315__1.352644	1262816__R6CTN7__BN687_00033
M_HWI-D00536:231:C8TENANXX:8:2211:2293:25414__1.354192	293939__A0A0S7DXK2__ALT_7486
M_HWI-D00536:231:C8TENANXX:8:1315:19319:55871__1.354382	167__F2NS57__Tresu_1455
M_HWI-D00536:231:C8TENANXX:7:1206:3943:11109__1.354543	165179__D1PEW8__DXB80_13775
M_HWI-D00536:231:C8TENANXX:7:2203:14992:81173__1.354475	1267__A0A174AVU9__hmp
M_HWI-D00536:231:C8TENANXX:7:2212:13624:86972__1.357823	745368__A0A1T4Y119__SAMN02745178_02629
M_HISEQ:399:HK5V2BCXX:2:2101:18858:60152__1.358635	1262816__R6CQE9__BN687_00159
M_HWI-D00536:231:C8TENANXX:7:1112:7330:81797__1.360123	39486__B0G7S3__HMPREF9457_01465
M_HWI-D00536:231:C8TENANXX:8:2316:17231:40933__1.361054	39492__R6SPM9__pheT
M_HWI-D00536:231:C8TENANXX:7:2115:19362:82677__1.362326	1735__B7CDQ5__EUBIFOR_02338
M_HWI-D00536:231:C8TENANXX:7:2105:6853:12613__1.363256	165179__A0A3E5EB26__CFT61_02800
M_HWI-D00536:231:C8TENANXX:8:1307:13627:13003__1.363515	165179__A0A174SA26__PREVCOP_05758
M_HISEQ:399:HK5V2BCXX:2:1105:11726:51962__1.363602	29361__B6FRT6__CLONEX_02860
M_HWI-D00536:231:C8TENANXX:7:1202:1749:63466__1.364371	165179__A0A174SR12__DXB80_04410
M_HWI-D00536:231:C8TENANXX:8:2302:1261:39289__1.365394	1262816__R6C9J6__BN687_02524
M_HWI-D00536:231:C8TENANXX:7:2205:7113:87483__1.366171	165179__A0A174SA26__PREVCOP_05758
M_HWI-D00536:231:C8TENANXX:7:2209:8287:6536__1.368175	39485__A0A174Z851__cdaR_1
M_HWI-D00536:231:C8TENANXX:7:1305:12153:56886__1.368191	818__R9H3B0__SAMN02910322_04803
M_HWI-D00536:231:C8TENANXX:8:2113:19790:35892__1.369334	853__A0A173YYY4__DWZ04_09420
M_HISEQ:399:HK5V2BCXX:2:2101:5883:27011__1.369531	165179__A0A3E5ECZ7__PREVCOP_06006
M_HWI-D00536:231:C8TENANXX:8:1213:12068:60160__1.370362	1262930__R5ZRJ3__BN693_00633
M_HWI-D00536:231:C8TENANXX:8:1103:6256:54023__1.370765	39485__A0A174YMD0__EUBELI_01093
M_HISEQ:399:HK5V2BCXX:2:2208:16498:7805__1.370804	1262963__R6CMN7__BN718_02135
M_HWI-D00536:231:C8TENANXX:8:2107:17829:94613__1.372944	165179__A0A3E5EDV6__DXC61_03365
M_HWI-D00536:231:C8TENANXX:7:2106:6419:24223__1.373635	1262992__R5D637__BN795_00221
M_HWI-D00536:231:C8TENANXX:7:1314:3920:84523__1.374063	165179__R6CNX7__DXB80_02200
M_HWI-D00536:231:C8TENANXX:7:2207:9935:93859__1.374388	39491__D4JM76__DXC13_02150
M_HWI-D00536:231:C8TENANXX:8:1202:9166:33966__1.374424	360807__C0G083__ROSEINA2194_04432
M_HWI-D00536:231:C8TENANXX:8:2102:6550:3385__1.375982	33039__A0A173U4W1__ERS852502_00464
M_HWI-D00536:231:C8TENANXX:8:2205:13227:18391__1.379391	165179__D1PHD6__DXC61_03380
M_HWI-D00536:231:C8TENANXX:8:1215:6829:2206__1.379642	1262760__R5LSJ2__BN758_01510
M_HWI-D00536:231:C8TENANXX:8:2314:1367:31290__1.381646	1262816__R6C597__BN687_00292
M_HISEQ:399:HK5V2BCXX:2:2216:5551:96151__1.381974	261299__W1USZ7__SAMN02745147_0389
M_HWI-D00536:231:C8TENANXX:8:1110:17424:17989__1.383397	884684__GCA_002892425.1_01408
M_HWI-D00536:231:C8TENANXX:8:2113:7596:47804__1.388073	1262760__R5L6C2__BN758_00033
M_HWI-D00536:231:C8TENANXX:8:2313:2492:2178__1.388096	167__F2NXH4__Tresu_1141
M_HWI-D00536:231:C8TENANXX:8:1116:4822:84318__1.390344	28052__R7NBQ0__ERS852499_01073
M_HWI-D00536:231:C8TENANXX:7:1114:7023:78429__1.391090	1262816__R6BZL8__BN687_00036
M_HWI-D00536:231:C8TENANXX:8:2201:11015:52121__1.391641	167__F2NSL6__Tresu_1904
M_HWI-D00536:231:C8TENANXX:8:2108:13522:8480__1.392665	626940__A0A1Q6R4K8__BN587_01573
M_HWI-D00536:231:C8TENANXX:8:1214:11549:52846__1.396904	1262942__R7QZ48__BN520_01869
M_HWI-D00536:231:C8TENANXX:7:2306:9559:76555__1.398253	154288__A0A120IDR0__ERS852466_01359
M_HWI-D00536:231:C8TENANXX:7:1311:11235:84154__1.398547	1262816__R6BTG4__BN687_00120
M_HWI-D00536:231:C8TENANXX:8:2110:20505:100510__1.400050	1262965__R7MSG6__BN739_01935
M_HWI-D00536:231:C8TENANXX:7:2206:6304:27390__1.401492	165179__A0A3E5EBV0__DXB80_01745
M_HWI-D00536:231:C8TENANXX:7:1207:8368:85035__1.402547	360807__A0A0M6X1Y4__ROSEINA2194_02133
M_HWI-D00536:231:C8TENANXX:7:2204:11022:99583__1.403105	39491__A0A395ZM93__DXD13_03490
M_HWI-D00536:231:C8TENANXX:7:2205:13632:75395__1.404805	165179__A0A3E5EBV0__DXB80_01745
M_HWI-D00536:231:C8TENANXX:8:1101:13306:83422__1.406230	167__F2NSA5__Tresu_1642
M_HWI-D00536:231:C8TENANXX:7:2311:16023:12966__1.407345	76489__A0A1E8EUC5__CLOACE_23150
M_HWI-D00536:231:C8TENANXX:7:2314:5241:30024__1.411886	1235790__S0J8L6__C805_00148
M_HWI-D00536:231:C8TENANXX:7:1314:12279:26379__1.415557	28052__R7N9R4__gsiA_2
M_HISEQ:399:HK5V2BCXX:2:1206:20227:31226__1.415616	1262965__R7MTE9__BN739_00336
M_HWI-D00536:231:C8TENANXX:8:2207:15404:8089__1.416861	1262942__R7QW43__BN520_01080
M_HWI-D00536:231:C8TENANXX:7:2310:3370:60669__1.417442	1262741__R6DKK4__BN697_01269
M_HWI-D00536:231:C8TENANXX:7:1316:2521:65498__1.418975	1262965__R7MM29__BN739_00749
M_HISEQ:399:HK5V2BCXX:2:2112:10102:100571__1.419891	360807__C0G0A1__ERS852444_02410
M_HWI-D00536:231:C8TENANXX:7:2212:4506:97201__1.421758	39491__R6TNE7__T1815_09811
M_HWI-D00536:231:C8TENANXX:8:2211:12537:13483__1.428832	1261635__A0A1Q9J3J4__BIV16_07360
M_HWI-D00536:231:C8TENANXX:8:2304:18427:38207__1.428834	40520__R7DAS6__ERS852533_00380
M_HISEQ:399:HK5V2BCXX:2:1107:4556:55479__1.434421	1262942__R7QVV4__BN520_01840
M_HWI-D00536:231:C8TENANXX:8:1304:18547:19111__1.436786	1262760__R5LSJ2__BN758_01510
M_HWI-D00536:231:C8TENANXX:8:2313:15344:83883__1.436815	165179__R6CNX7__DXB80_02200
M_HWI-D00536:231:C8TENANXX:8:1206:14936:27005__1.437280	39485__A0A174Z7G5__EUBELI_01168
M_HWI-D00536:231:C8TENANXX:8:2308:16547:67060__1.440770	1267__A0A173YW06__treR
M_HWI-D00536:231:C8TENANXX:7:2302:14364:48097__1.442298	76489__A0A1E8EUC5__CLOACE_23150
M_HWI-D00536:231:C8TENANXX:7:1210:20771:95153__1.443836	165179__A0A174IHQ2__PREVCOP_05478
M_HWI-D00536:231:C8TENANXX:8:2313:13374:32110__1.445196	884684__GCA_002892425.1_01408
M_HWI-D00536:231:C8TENANXX:7:1105:13440:45762__1.448084	293939__A0A0S7DXK2__ALT_7486
M_HWI-D00536:231:C8TENANXX:7:1312:9390:12754__1.448970	165179__A0A3E4SJT2__PREVCOP_04897
M_HWI-D00536:231:C8TENANXX:8:2205:12275:49049__1.449029	1150298__A0A174HG99__ERS852498_00387
M_HWI-D00536:231:C8TENANXX:7:2311:13620:19866__1.450857	1262965__R7MS49__BN739_01885
M_HWI-D00536:231:C8TENANXX:7:2212:12657:53554__1.451359	39485__C4Z028__ERS852492_00100
M_HWI-D00536:231:C8TENANXX:7:1304:17212:19327__1.451879	360807__A0A1Q6TDQ5__ROSEINA2194_04225
M_HWI-D00536:231:C8TENANXX:8:2206:4927:66975__1.453565	1262944__R7IU40__BN596_00101
M_HISEQ:399:HK5V2BCXX:2:2106:13104:50309__1.454040	39491__A0A3E4YFT8__DXB69_10940
M_HWI-D00536:231:C8TENANXX:7:2103:21287:82658__1.454153	261299__R5XSC9__CLOBAR_00839
M_HWI-D00536:231:C8TENANXX:8:2313:4990:36240__1.455745	884684__GCA_002892425.1_01408
M_HWI-D00536:231:C8TENANXX:7:2103:6878:51795__1.456889	39491__R6UMS6__DXD13_07035
M_HWI-D00536:231:C8TENANXX:7:2107:18532:66081__1.457974	154288__A0A0X8G2B5__ERS852561_01696
M_HWI-D00536:231:C8TENANXX:7:2305:20588:59143__1.457754	167__F2NT74__Tresu_1774
M_HWI-D00536:231:C8TENANXX:7:2209:13027:98878__1.458994	301301__G2SXZ6__RHOM_11570
M_HWI-D00536:231:C8TENANXX:8:2109:8236:18899__1.459809	165179__A0A3E5A554__DXB80_13805
M_HWI-D00536:231:C8TENANXX:8:1306:10488:19369__1.460083	165179__A0A3E4SDC8__PREVCOP_05706
M_HWI-D00536:231:C8TENANXX:8:2312:4338:36698__1.460830	1262816__R6C9J5__BN687_01471
M_HWI-D00536:231:C8TENANXX:7:2313:9627:63095__1.462648	363265__R7H844__HMPREF0673_02810
M_HISEQ:399:HK5V2BCXX:2:1113:13807:64258__1.462957	853__A8SGX8__C4N21_08625
M_HWI-D00536:231:C8TENANXX:7:1209:20019:28467__1.463440	1262965__R7MM29__BN739_00749
M_HISEQ:399:HK5V2BCXX:2:2204:7070:65791__1.464615	301301__A0A395V7C8__RHOM_02390
M_HWI-D00536:231:C8TENANXX:7:1108:1829:74732__1.466965	165179__D1PEQ5__PREVCOP_05711
M_HWI-D00536:231:C8TENANXX:8:2209:2514:23260__1.467462	39488__R6GBC5__DXD91_06450
M_HWI-D00536:231:C8TENANXX:8:1102:10201:66478__1.467234	293939__A0A0S7DXK2__ALT_7486
M_HWI-D00536:231:C8TENANXX:8:2305:16252:30164__1.468227	76489__A0A1E8EUC5__CLOACE_23150
M_HWI-D00536:231:C8TENANXX:7:2201:4527:39464__1.469032	165179__A0A229I1J2__DXB80_03950
M_HWI-D00536:231:C8TENANXX:7:1108:9939:17301__1.470155	384638__B7AVU0__BACPEC_02840
M_HWI-D00536:231:C8TENANXX:7:2303:1989:13508__1.472149	884684__GCA_002892425.1_00913
M_HWI-D00536:231:C8TENANXX:8:1113:6933:93422__1.472387	293939__A0A0S7DXK2__ALT_7486
M_HWI-D00536:231:C8TENANXX:8:2111:14842:58652__1.473351	28052__A0A174YME0__acm_2
M_HWI-D00536:231:C8TENANXX:7:1301:9516:82992__1.473895	1263011__R6DSA9__BN553_00161
M_HWI-D00536:231:C8TENANXX:8:1312:20770:69333__1.475156	745368__A0A1T4Y119__SAMN02745178_02629
M_HWI-D00536:231:C8TENANXX:7:1112:9677:3134__1.475471	649756__A0A173S1U5__DCR88_06920
M_HWI-D00536:231:C8TENANXX:8:2115:1922:9453__1.475732	39491__A0A395V0H6__ERS852580_02570
M_HWI-D00536:231:C8TENANXX:8:2213:19344:22582__1.476003	165179__A0A229I6N7__DXC61_06720
M_HWI-D00536:231:C8TENANXX:8:1204:8022:89259__1.476358	1262761__R6QWS5__BN606_02019
M_HWI-D00536:231:C8TENANXX:7:1312:19836:49543__1.476778	853__A0A3E2U7E6__ERS852582_01640
M_HWI-D00536:231:C8TENANXX:8:2305:1635:86749__1.477916	1262761__R6RNL8__BN606_00387
M_HISEQ:399:HK5V2BCXX:2:1107:11375:42867__1.478082	165179__A0A3E5A554__DXB80_13805
M_HWI-D00536:231:C8TENANXX:8:2303:3234:21397__1.480656	1262965__R7MRA4__BN739_01717
M_HWI-D00536:231:C8TENANXX:8:2101:8781:14041__1.480923	261299__B0ABT6__SAMN02745147_0733
M_HWI-D00536:231:C8TENANXX:7:2310:1897:68560__1.482579	1262965__R7MRB9__BN739_00216
M_HWI-D00536:231:C8TENANXX:8:2310:5045:32071__1.487011	301302__A0A173TEJ2__M72_09031
M_HWI-D00536:231:C8TENANXX:8:1104:13521:24199__1.487849	165179__D1PGU8__PREVCOP_06463
M_HWI-D00536:231:C8TENANXX:7:2101:4259:63335__1.491154	301302__A0A0M6WU48__M72_10411
M_HWI-D00536:231:C8TENANXX:8:1109:15977:14618__1.491210	165179__A0A3E5DN34__DXC61_07865
M_HWI-D00536:231:C8TENANXX:7:2210:11738:16521__1.492052	165179__A0A3E5E9I4__DXB80_09745
M_HWI-D00536:231:C8TENANXX:8:2209:14831:79467__1.493411	167__F2NXR4__Tresu_2546
M_HWI-D00536:231:C8TENANXX:7:1203:15610:79328__1.494158	167__F2NS57__Tresu_1455
M_HWI-D00536:231:C8TENANXX:8:1101:15776:65050__1.495448	1262760__R5LYY0__BN758_00267
M_HWI-D00536:231:C8TENANXX:7:2114:3565:89126__1.496058	301301__G2T5V7__RHOM_15795
M_HISEQ:399:HK5V2BCXX:2:2215:2743:61719__1.498961	28052__A0A174JFI2__ERS852451_01072
M_HWI-D00536:231:C8TENANXX:7:1213:4593:41361__1.498964	39491__A0A396FPV7__ERS852580_01177
M_HWI-D00536:231:C8TENANXX:8:1106:5290:74382__1.499423	1897011__A0A1Q6RIQ1__BHW41_00490
M_HWI-D00536:231:C8TENANXX:7:2310:6402:82877__1.500594	360807__A0A396AF38__RIL183_00781
M_HISEQ:399:HK5V2BCXX:2:2112:1829:49497__1.501572	261299__A0A1T4UCY2__CLOBAR_02651
M_HWI-D00536:231:C8TENANXX:7:1110:2586:11995__1.503948	28052__A0A174LHM7__ERS852451_02351
M_HWI-D00536:231:C8TENANXX:7:2116:8932:32477__1.506067	39485__C4Z170__ERS852490_01546
M_HWI-D00536:231:C8TENANXX:7:2115:8565:16673__1.508465	1267__A0A174C9L9__NCTC12966_00622
M_HWI-D00536:231:C8TENANXX:8:1112:12952:71079__1.509870	818__A0A3E5HDU6__C799_04515
M_HWI-D00536:231:C8TENANXX:8:1112:15016:75747__1.514986	39492__D4JTH4__ERS852540_00702
M_HWI-D00536:231:C8TENANXX:7:1205:2625:94666__1.515632	39485__A0A175A403__EUBELI_20577
M_HWI-D00536:231:C8TENANXX:8:1202:9144:23388__1.517234	1262760__R5L825__BN758_01252
M_HWI-D00536:231:C8TENANXX:7:2205:12527:2203__1.517341	165179__A0A3E4S980__PREVCOP_04626
M_HWI-D00536:231:C8TENANXX:8:1202:16577:48267__1.517690	649756__D4MVD8__ERS852475_00940
M_HWI-D00536:231:C8TENANXX:8:2309:6521:48413__1.518469	167__F2NS57__Tresu_1455
M_HWI-D00536:231:C8TENANXX:7:2203:6875:99891__1.519554	165179__D1PGU8__PREVCOP_06463
M_HWI-D00536:231:C8TENANXX:7:2203:20219:82387__1.520064	165179__A0A3E4SJT2__PREVCOP_04897
M_HWI-D00536:231:C8TENANXX:7:2311:20632:86549__1.521412	33043__A0A173WWJ5__ERS852386_00339
M_HISEQ:399:HK5V2BCXX:2:2107:8120:99680__1.523278	1263011__R6DUC0__BN553_01945
M_HWI-D00536:231:C8TENANXX:7:2105:3479:100628__1.523890	2173__A0A1D2WUH4__METSMIALI_01323
M_HWI-D00536:231:C8TENANXX:7:2301:6241:76027__1.525725	293939__A0A0S7DXK2__ALT_7486
M_HWI-D00536:231:C8TENANXX:7:1314:10014:70323__1.525889	1262929__R6EZX4__BN691_00295
M_HWI-D00536:231:C8TENANXX:7:2113:14711:60144__1.526708	1262965__R7MHD3__BN739_00506
M_HWI-D00536:231:C8TENANXX:7:1116:4548:69316__1.529155	165179__R6CNX7__DXB80_02200
M_HWI-D00536:231:C8TENANXX:7:1212:13140:29414__1.529446	2173__A0A1D2WSY6__Msm_1050
M_HWI-D00536:231:C8TENANXX:7:1311:1941:60712__1.530519	39491__A0A395UWZ1__DXC13_02175
M_HWI-D00536:231:C8TENANXX:8:1213:18990:69671__1.530702	1261635__A0A1Q9J432__BIV16_08395
M_HWI-D00536:231:C8TENANXX:8:2301:4482:73882__1.531020	165179__D1P9T6__PREVCOP_04016
M_HWI-D00536:231:C8TENANXX:7:1107:11403:45012__1.531879	167__F2NXH4__Tresu_1141
M_HWI-D00536:231:C8TENANXX:7:2104:16498:73926__1.532782	360807__A0A173YXM7__RIL183_19241
M_HWI-D00536:231:C8TENANXX:7:1313:8075:34644__1.535586	39485__A0A174YMC1__recN
M_HWI-D00536:231:C8TENANXX:7:1207:19190:11977__1.538324	261299__W1UWJ7__CLOBAR_02358
M_HWI-D00536:231:C8TENANXX:7:2301:13588:81020__1.539882	40520__R7D7W1__DXB81_08070
M_HWI-D00536:231:C8TENANXX:7:2209:1437:55846__1.542142	39491__A0A396FFW0__ERE_10580
M_HISEQ:399:HK5V2BCXX:2:2112:8318:43488__1.542217	1262911__R6GPB5__BN557_00842
M_HWI-D00536:231:C8TENANXX:8:2302:5440:21395__1.543737	1261635__A0A1Q9J6S6__BIV16_00130
M_HWI-D00536:231:C8TENANXX:8:2103:18918:100635__1.544709	165179__R6CNX7__DXB80_02200
M_HISEQ:399:HK5V2BCXX:2:1104:11875:3658__1.544715	167__F2NSA5__Tresu_1642
M_HWI-D00536:231:C8TENANXX:8:1202:12877:63932__1.544906	820__I9A4U7__DHU98_12785
M_HWI-D00536:231:C8TENANXX:7:1106:5126:60238__1.547778	1262816__R6C3X7__BN687_02202
M_HWI-D00536:231:C8TENANXX:8:2107:3283:87157__1.548281	1262816__R6C799__BN687_00916
M_HWI-D00536:231:C8TENANXX:7:2216:18697:36027__1.548408	76489__A0A1E8EUC5__CLOACE_23150
M_HWI-D00536:231:C8TENANXX:7:2310:16012:62727__1.550845	1262816__R6CSX4__BN687_00355
M_HWI-D00536:231:C8TENANXX:7:2308:11736:9283__1.553059	1735__B7CCQ2__EUBIFOR_01980
M_HWI-D00536:231:C8TENANXX:7:1306:18671:23608__1.552672	1262965__R7MQF0__BN739_01849
M_HWI-D00536:231:C8TENANXX:7:1204:17692:20577__1.554757	39492__D4MN06__EUBSIR_02672
M_HWI-D00536:231:C8TENANXX:7:2113:14844:72196__1.555808	167__F2NXH4__Tresu_1141
M_HWI-D00536:231:C8TENANXX:7:2305:8827:18302__1.556047	1262930__R6A1N0__BN693_00917
M_HWI-D00536:231:C8TENANXX:8:1214:4084:83918__1.557279	167__F2NS57__Tresu_1455
M_HWI-D00536:231:C8TENANXX:7:1309:8188:66462__1.560527	1262965__R7MRR0__BN739_01816
M_HWI-D00536:231:C8TENANXX:7:2106:18504:77583__1.562631	1263011__R6DRV2__BN553_01393
M_HISEQ:399:HK5V2BCXX:2:1113:15255:79484__1.562770	165179__A0A3E5E4T9__DXB80_08030
M_HWI-D00536:231:C8TENANXX:8:1310:16266:53670__1.564481	1262816__R6BZY1__BN687_00746
M_HWI-D00536:231:C8TENANXX:7:1205:11468:83700__1.564908	1262965__R7MN37__BN739_01570
M_HWI-D00536:231:C8TENANXX:8:1201:12804:23969__1.565315	360807__A0A396ADM2__ERS852392_02872
M_HWI-D00536:231:C8TENANXX:8:2303:8237:49735__1.566813	39492__D4MIK7__EUBSIR_00676
M_HWI-D00536:231:C8TENANXX:8:2202:8564:18240__1.567788	165179__D1PC26__PREVCOP_04756
M_HWI-D00536:231:C8TENANXX:8:2206:17359:84996__1.568907	1262816__R6C0U7__BN687_01037
M_HWI-D00536:231:C8TENANXX:8:2114:9445:39530__1.570040	39485__A0A174YVS4__EUBELI_00620
M_HWI-D00536:231:C8TENANXX:7:2108:20551:34225__1.573190	1262816__R6C849__BN687_01155
M_HWI-D00536:231:C8TENANXX:7:2204:5207:11101__1.575282	2293125__A0A374BIB7__DW917_16550
M_HWI-D00536:231:C8TENANXX:8:1315:3202:66798__1.575296	853__A0A329UEG4__CHR60_00585
M_HWI-D00536:231:C8TENANXX:8:1310:20959:15321__1.576122	454155__F3QX11__HMPREF9442_02745
M_HWI-D00536:231:C8TENANXX:8:1308:5887:20645__1.578376	1262965__R7MN37__BN739_01570
M_HWI-D00536:231:C8TENANXX:7:2306:10412:5189__1.579254	28052__R7N9A1__ERS852499_02060
M_HISEQ:399:HK5V2BCXX:2:1110:13431:37948__1.579735	261299__R5X7I3__SAMN02745147_1055
M_HISEQ:399:HK5V2BCXX:2:2109:15641:92559__1.582126	167__F2NS56__Tresu_1454
M_HISEQ:399:HK5V2BCXX:2:1201:20426:48215__1.582376	165179__A0A3E5E189__PREVCOP_06699
M_HWI-D00536:231:C8TENANXX:7:2311:8346:71514__1.583886	28052__A0A174I4I1__ERS852499_00646
M_HWI-D00536:231:C8TENANXX:8:2112:16303:9712__1.584459	165179__A0A3E4SDC8__PREVCOP_05706
M_HWI-D00536:231:C8TENANXX:7:1114:7734:7709__1.584846	649756__B0NYW1__DCR88_01045
M_HWI-D00536:231:C8TENANXX:7:2312:7054:74223__1.586080	165179__A0A174SA26__PREVCOP_05758
M_HWI-D00536:231:C8TENANXX:8:2216:2087:55419__1.586680	39491__A0A395V0H6__ERS852580_02570
M_HWI-D00536:231:C8TENANXX:7:2107:14986:16733__1.586727	1262965__R7MI35__BN739_00719
M_HWI-D00536:231:C8TENANXX:7:1209:6613:59866__1.586728	363265__R7H224__HMPREF0673_01839
M_HWI-D00536:231:C8TENANXX:7:2113:10513:52094__1.587933	154288__A0A174DF73__ERS852466_02109
M_HWI-D00536:231:C8TENANXX:8:2109:7950:71186__1.589585	1262760__R5LR70__BN758_01365
M_HWI-D00536:231:C8TENANXX:8:1315:5762:74010__1.589827	1262816__R6CDH3__BN687_01403
M_HWI-D00536:231:C8TENANXX:8:1304:10501:10099__1.589871	363265__G6AWK8__HMPREF0673_01006
M_HWI-D00536:231:C8TENANXX:7:1108:20238:48189__1.590627	301302__A0A0M6WWK6__M72_13961
M_HWI-D00536:231:C8TENANXX:7:1310:16605:21223__1.593347	165179__R6PU83__CFT61_14275
M_HWI-D00536:231:C8TENANXX:8:2301:7555:50387__1.594808	1262816__R6CV07__BN687_01118
M_HWI-D00536:231:C8TENANXX:8:2308:2997:38810__1.596942	1262942__R7QVK2__BN520_01389
M_HWI-D00536:231:C8TENANXX:7:2311:18851:32837__1.597657	165179__A0A3E5A554__DXB80_13805
M_HWI-D00536:231:C8TENANXX:8:1204:11883:59422__1.597730	165179__A0A174IPI3__CFT61_10940
M_HWI-D00536:231:C8TENANXX:8:2209:11675:84528__1.598074	261299__B0ADV4__SAMN02745147_1427
M_HWI-D00536:231:C8TENANXX:7:2103:14533:40049__1.600412	165179__A0A3E5E920__DXB80_11625
M_HWI-D00536:231:C8TENANXX:8:1112:2400:84837__1.601191	28052__R7N736__yvhJ
M_HWI-D00536:231:C8TENANXX:8:1116:15719:20335__1.602109	1262942__R7QW43__BN520_01080
M_HWI-D00536:231:C8TENANXX:8:2201:9197:37549__1.604480	88431__A0A174KC10__ERS852423_00293
M_HWI-D00536:231:C8TENANXX:8:1304:9482:21466__1.604491	165179__A0A3E5E9I4__DXB80_09745
M_HWI-D00536:231:C8TENANXX:7:2110:18150:84082__1.604964	301301__A0A395VA18__RHOM_11700
M_HWI-D00536:231:C8TENANXX:7:1211:12850:54694__1.605403	1262965__R7MRB9__BN739_00216
M_HWI-D00536:231:C8TENANXX:7:2308:8307:61086__1.605832	242750__D1PVH0__HMPREF0645_0955
M_HISEQ:399:HK5V2BCXX:2:2210:7137:36836__1.608550	1262965__R7MRR0__BN739_01816
M_HWI-D00536:231:C8TENANXX:7:1308:15796:63760__1.610088	360807__C0FNM3__ERS852392_00919
M_HWI-D00536:231:C8TENANXX:8:2208:1322:11925__1.612241	28052__R7N8I1__pimB_4
M_HWI-D00536:231:C8TENANXX:8:1212:8688:22325__1.616460	154288__A0A174NKU7__trmK
M_HWI-D00536:231:C8TENANXX:8:2114:6115:76570__1.616738	884684__GCA_002892425.1_01408
M_HWI-D00536:231:C8TENANXX:8:1101:9634:9582__1.617943	39488__A0A285PWJ2__EHLA_3023
M_HWI-D00536:231:C8TENANXX:8:1305:20163:55005__1.617785	360807__A0A396AK01__RIL183_20461
M_HWI-D00536:231:C8TENANXX:8:2112:2483:13624__1.619061	1262930__R6A2C3__BN693_02165
M_HWI-D00536:231:C8TENANXX:8:2305:11041:69647__1.618868	165179__A0A3E5EBV0__DXB80_01745
M_HWI-D00536:231:C8TENANXX:8:2209:16543:76021__1.619132	363265__G6AWL0__HMPREF0673_01008
M_HWI-D00536:231:C8TENANXX:7:2213:3859:50037__1.620263	39492__D4JUD9__EUBSIR_01875
M_HWI-D00536:231:C8TENANXX:8:2213:3309:3822__1.621449	1261635__A0A1Q9J3Z6__BIV16_08490
M_HWI-D00536:231:C8TENANXX:8:2213:18962:31014__1.621973	76489__A0A1E8EUC5__CLOACE_23150
M_HWI-D00536:231:C8TENANXX:8:1111:8046:46051__1.622770	165179__A0A3E5DV57__DXB80_11400
M_HWI-D00536:231:C8TENANXX:7:1201:2951:63809__1.624609	820__A7UYX8__DXD40_11635
M_HWI-D00536:231:C8TENANXX:7:1204:8486:67954__1.628966	1262816__R6CSL4__BN687_00247
M_HWI-D00536:231:C8TENANXX:7:1116:8813:17792__1.629764	39485__C4Z6U7__EUBELI_20545
M_HWI-D00536:231:C8TENANXX:7:2114:7707:96365__1.630935	1262965__R7MHM4__BN739_00592
M_HWI-D00536:231:C8TENANXX:7:2102:19378:33876__1.632471	261299__R5XYJ1__ERS852493_02235
M_HWI-D00536:231:C8TENANXX:8:1213:7240:95216__1.633525	165179__A0A3E4SDC8__PREVCOP_05706
M_HISEQ:399:HK5V2BCXX:2:1203:7470:21689__1.634646	165179__A0A3E5DY64__CFT61_10025
M_HWI-D00536:231:C8TENANXX:8:2311:6339:99512__1.635030	100886__E2NSF9__rpoB
M_HWI-D00536:231:C8TENANXX:8:1302:6506:28281__1.635831	39485__C4Z0G6__spoIVB
M_HWI-D00536:231:C8TENANXX:7:2310:4435:81984__1.636934	1262930__R6AHR4__BN693_00447
M_HWI-D00536:231:C8TENANXX:8:1309:7859:86238__1.641688	1042156__F7V1Z0__CXIVA_08020
M_HWI-D00536:231:C8TENANXX:8:2107:13827:90228__1.641867	165179__A0A3E5EBV0__DXB80_01745
M_HWI-D00536:231:C8TENANXX:8:2102:12680:56726__1.642139	301302__A0A173V3Z4__ecfA1_3
M_HWI-D00536:231:C8TENANXX:8:1115:20622:24480__1.642751	47678__A5ZEP4__DXB67_14045
M_HISEQ:399:HK5V2BCXX:2:1113:13010:66884__1.648013	610243__A0A060QJF7__ASAP_2763
M_HISEQ:399:HK5V2BCXX:2:1105:5782:60668__1.648498	261299__R5X722__ERS852493_02387
M_HWI-D00536:231:C8TENANXX:8:2111:8368:76338__1.649059	820__A0A174TRB5__DXD40_11305
M_HWI-D00536:231:C8TENANXX:7:2308:17772:31230__1.649312	1262816__R6CSX4__BN687_00355
M_HWI-D00536:231:C8TENANXX:8:1107:1609:10917__1.653899	1262911__R6H2J2__BN557_01228
M_HWI-D00536:231:C8TENANXX:8:2116:19680:63129__1.658802	1261635__A0A1Q9J100__BIV16_13945
M_HWI-D00536:231:C8TENANXX:7:2213:12036:98493__1.658889	39485__A0A174ZMD4__ERS852492_01969
M_HWI-D00536:231:C8TENANXX:8:1101:18915:8823__1.659467	293939__A0A0S7DXK2__ALT_7486
M_HWI-D00536:231:C8TENANXX:7:1213:5208:19591__1.661425	818__A0A1H7L4U6__BSIG_3287
M_HWI-D00536:231:C8TENANXX:7:1104:1734:65785__1.661653	78535__E6J267__NCTC1080_01209
M_HISEQ:399:HK5V2BCXX:2:1102:2653:64934__1.666114	39485__A0A174ZKZ4__spoIIQ_1
M_HWI-D00536:231:C8TENANXX:7:1208:8020:37967__1.668612	28052__R7NDF6__ERS852499_01807
M_HWI-D00536:231:C8TENANXX:8:2209:15215:28984__1.670674	1262913__R7JN04__BN646_00251
M_HWI-D00536:231:C8TENANXX:8:1307:10817:31125__1.671495	1263011__R6E522__BN553_00036
M_HWI-D00536:231:C8TENANXX:7:1309:17194:74906__1.672781	360807__A0A396ACQ8__ROSEINA2194_00690
M_HWI-D00536:231:C8TENANXX:8:2211:4154:87758__1.673511	1262816__R6C2R0__BN687_00201
M_HWI-D00536:231:C8TENANXX:7:1313:11278:40602__1.674133	167__F2NSA5__Tresu_1642
M_HWI-D00536:231:C8TENANXX:7:2216:15850:3415__1.676259	1262919__R5PF05__BN465_01997
M_HISEQ:399:HK5V2BCXX:2:1205:3908:78904__1.676440	39485__A0A174ZBJ8__speA_2
M_HWI-D00536:231:C8TENANXX:8:1109:20384:81883__1.676517	363265__G6AW98__HMPREF0673_00896
M_HWI-D00536:231:C8TENANXX:8:2204:13856:62513__1.677447	853__A0A174BZY1__xerD_1
M_HWI-D00536:231:C8TENANXX:8:2316:5342:10327__1.678046	1262760__R5LSJ2__BN758_01510
M_HWI-D00536:231:C8TENANXX:7:2306:2148:73793__1.680817	39491__C4ZAT2__ERE_28440
M_HWI-D00536:231:C8TENANXX:7:1207:18803:99419__1.681000	1262761__R6QU78__BN606_01972
M_HWI-D00536:231:C8TENANXX:8:2113:10946:17042__1.681703	1262965__R7MRJ6__BN739_01754
M_HWI-D00536:231:C8TENANXX:7:2305:19439:23002__1.681970	165179__D1PES9__DXB80_11585
M_HWI-D00536:231:C8TENANXX:7:1111:6659:24117__1.683301	39491__A0A395ZGE4__ERS852497_01269
M_HWI-D00536:231:C8TENANXX:7:1105:1373:3971__1.684626	167__F2NY98__Tresu_1211
M_HWI-D00536:231:C8TENANXX:7:2101:17690:6680__1.684658	1262760__R5LGF2__BN758_01739
M_HISEQ:399:HK5V2BCXX:2:1113:9323:89563__1.685338	261299__W1UQE7__SAMN02745147_0048
M_HWI-D00536:231:C8TENANXX:7:2103:20232:82758__1.685452	167__F2NUP6__Tresu_0957
M_HWI-D00536:231:C8TENANXX:7:2207:2844:9822__1.688290	40518__R5DTH7__DXD83_02405
M_HWI-D00536:231:C8TENANXX:7:2108:4299:90931__1.689121	363265__G6AX51__HMPREF0673_01201
M_HWI-D00536:231:C8TENANXX:8:2209:15019:8155__1.692791	1267__A0A173X0L8__ERS852473_00182
M_HWI-D00536:231:C8TENANXX:7:2104:21238:25659__1.695234	261299__B0A9X3__ERS852493_01182
M_HWI-D00536:231:C8TENANXX:8:1203:16884:2315__1.695426	1267__A0A173WX43__NCTC12966_01989
M_HWI-D00536:231:C8TENANXX:7:2312:5276:51226__1.698206	28052__A0A174KNE1__ptsI_2
M_HWI-D00536:231:C8TENANXX:8:2312:15207:46712__1.700477	165179__A0A174SA26__PREVCOP_05758
M_HWI-D00536:231:C8TENANXX:7:1209:16140:53516__1.700329	165179__R6PNJ9__PREVCOP_04730
M_HWI-D00536:231:C8TENANXX:7:1305:12629:23063__1.701077	1262761__R6QVL2__BN606_00807
M_HISEQ:399:HK5V2BCXX:2:1112:6646:64020__1.702945	1262816__R6BYX7__BN687_00408
M_HISEQ:399:HK5V2BCXX:2:2216:14448:66600__1.703148	167__F2NXH4__Tresu_1141
M_HWI-D00536:231:C8TENANXX:8:1204:8955:63634__1.703390	853__C7H7F5__DWZ46_01780
M_HWI-D00536:231:C8TENANXX:8:1105:9338:58637__1.704141	1261635__A0A1Q9J2N4__BIV16_09920
M_HWI-D00536:231:C8TENANXX:7:1111:13944:46831__1.704283	40518__R5E6N4__DXD93_01325
M_HWI-D00536:231:C8TENANXX:8:1114:18504:81873__1.704247	76489__A0A1E8EUC5__CLOACE_23150
M_HISEQ:399:HK5V2BCXX:2:1203:3243:88874__1.708834	28125__A0A137STE9__HMPREF0648_1948
M_HISEQ:399:HK5V2BCXX:2:2214:3330:52137__1.710303	1263006__R6LGJ6__BN515_00859
M_HISEQ:399:HK5V2BCXX:2:1209:13855:96601__1.710847	360807__C0FQD4__codY
M_HWI-D00536:231:C8TENANXX:8:1212:13780:59961__1.711628	165179__A0A174IPI3__CFT61_10940
M_HWI-D00536:231:C8TENANXX:7:2303:13512:18632__1.711788	1262965__R7MT45__BN739_00271
M_HWI-D00536:231:C8TENANXX:8:1210:8182:89831__1.713835	167__F2NX07__Tresu_0389
M_HWI-D00536:231:C8TENANXX:7:1305:12821:74430__1.715826	1263011__R6DQD4__BN553_01090
M_HISEQ:399:HK5V2BCXX:2:2108:6314:17235__1.719673	261299__R5Y327__CLOBAR_02649
M_HISEQ:399:HK5V2BCXX:2:2112:3786:43141__1.720225	28052__A0A174K6D6__ERS852451_01708
M_HWI-D00536:231:C8TENANXX:7:2209:15618:96421__1.721959	410072__A0A174E1G6__phoR_6
M_HWI-D00536:231:C8TENANXX:8:1213:13955:6328__1.722117	1267__A0A174ADS7__NCTC12966_01108
M_HISEQ:399:HK5V2BCXX:2:2105:2835:3517__1.722258	1262816__R6BXW6__BN687_02373
M_HWI-D00536:231:C8TENANXX:8:2115:18664:37705__1.723317	1263011__R6DT18__BN553_01711
M_HWI-D00536:231:C8TENANXX:8:1301:16187:6652__1.725928	1262761__R6QVL2__BN606_00807
M_HWI-D00536:231:C8TENANXX:8:1108:1984:99059__1.726259	665550__GCA_001722515.1_00458
M_HWI-D00536:231:C8TENANXX:7:1116:17701:47364__1.727932	2173__A0A1D2WRI1__BK798_01230
M_HWI-D00536:231:C8TENANXX:7:2107:9707:46002__1.728116	39486__B0G239__DXD82_09385
M_HWI-D00536:231:C8TENANXX:8:1309:9808:27296__1.730213	1261635__A0A1Q9J6R7__BIV16_03540
M_HWI-D00536:231:C8TENANXX:7:2302:21175:81010__1.732473	1262942__R7R0D6__BN520_02425
M_HISEQ:399:HK5V2BCXX:2:1210:10337:55049__1.732591	167__F2NXC8__Tresu_0813
M_HISEQ:399:HK5V2BCXX:2:1116:6636:76744__1.738812	165179__A0A174W369__PREVCOP_04548
M_HWI-D00536:231:C8TENANXX:8:1214:13056:99210__1.739480	1261635__A0A1Q9J3N9__BIV16_07710
M_HWI-D00536:231:C8TENANXX:7:1111:4752:42221__1.739486	363265__R7H219__HMPREF0673_01818
M_HWI-D00536:231:C8TENANXX:7:2216:14980:51558__1.739554	1261__D3MR67__SAMN05660467_01650
M_HWI-D00536:231:C8TENANXX:8:1106:19844:42160__1.739767	649756__D4MUE9__ERS852425_03110
M_HWI-D00536:231:C8TENANXX:8:1110:4514:60519__1.740230	1262816__R6CWA1__BN687_01479
M_HWI-D00536:231:C8TENANXX:8:2308:10181:29922__1.740767	167__F2NSA5__Tresu_1642
M_HWI-D00536:231:C8TENANXX:8:1214:12139:44206__1.741284	552398__F4XCQ4__HMPREF0866_01621
M_HISEQ:399:HK5V2BCXX:2:2111:16466:56001__1.742798	1267__A0A174ARC2__kdgR
M_HWI-D00536:231:C8TENANXX:7:2113:12667:97227__1.743409	100886__E2NR34__ERS852383_04208
M_HWI-D00536:231:C8TENANXX:7:1312:7634:25360__1.744395	28052__R7NB18__tcrY_2
M_HWI-D00536:231:C8TENANXX:7:1315:10521:30026__1.748049	1262988__R7N4U5__BN816_00495
M_HWI-D00536:231:C8TENANXX:8:1107:12128:4038__1.749328	61171__B9Y5T9__HOLDEFILI_01171
M_HWI-D00536:231:C8TENANXX:7:1207:13113:42294__1.750329	28052__R7N8Y9__macB_4
M_HWI-D00536:231:C8TENANXX:7:1315:15863:97646__1.751662	1262924__R7HPC8__BN585_00139
M_HWI-D00536:231:C8TENANXX:8:1314:14620:20047__1.752520	28125__E1KUB9__PrebiDRAFT_1280
M_HISEQ:399:HK5V2BCXX:2:2106:5082:90686__1.753475	1262965__R7MSH3__BN739_00148
M_HWI-D00536:231:C8TENANXX:8:2106:17087:78480__1.758895	853__A0A173YYY4__DWZ04_09420
M_HWI-D00536:231:C8TENANXX:7:1305:7434:11979__1.761578	167__F2NT64__Tresu_1764
M_HWI-D00536:231:C8TENANXX:7:1110:20286:7555__1.761658	165179__R6XIF8__DXC61_07265
M_HWI-D00536:231:C8TENANXX:7:2115:11436:96714__1.762312	39485__A0A174Z8V5__fliU_2
M_HWI-D00536:231:C8TENANXX:7:2215:13655:78094__1.762323	818__A0A1H7TGM1__BJP75_010615
M_HWI-D00536:231:C8TENANXX:8:2215:5810:50506__1.768953	1262924__R7HQD9__BN585_00129
M_HWI-D00536:231:C8TENANXX:7:2201:8925:88727__1.770229	1262942__R7QW43__BN520_01080
M_HWI-D00536:231:C8TENANXX:7:1206:16815:31908__1.771963	1262942__R7R0H9__BN520_02111
M_HWI-D00536:231:C8TENANXX:8:2213:12431:50136__1.772674	884684__GCA_002892425.1_01408
M_HWI-D00536:231:C8TENANXX:7:1303:1601:23039__1.775183	39491__A0A396FEW6__T1815_18721
M_HWI-D00536:231:C8TENANXX:7:2214:4603:13577__1.777488	39485__C4Z5L2__ERS852490_00659
M_HWI-D00536:231:C8TENANXX:7:2305:20737:35119__1.779452	1263006__R6LYW4__BN515_01529
M_HWI-D00536:231:C8TENANXX:8:2308:6743:46042__1.780319	1261635__A0A1Q9J6R7__BIV16_03540
M_HWI-D00536:231:C8TENANXX:7:1314:10253:86078__1.781156	28052__R7N7E0__cynR_4
M_HWI-D00536:231:C8TENANXX:8:2316:17107:77662__1.781714	28052__R7NBF2__ERS852451_02191
M_HWI-D00536:231:C8TENANXX:7:2301:6017:57468__1.783265	165179__D1PCT4__DXB80_09470
M_HWI-D00536:231:C8TENANXX:8:1211:6852:59285__1.784025	301302__R5VGE0__ERS852420_00121
M_HWI-D00536:231:C8TENANXX:7:1313:12361:12546__1.785021	853__A0A3E2U7E6__ERS852582_01640
M_HWI-D00536:231:C8TENANXX:7:2311:9442:90745__1.785504	39492__D4JU36__cobC_1
M_HWI-D00536:231:C8TENANXX:8:1104:12974:48526__1.785639	1262965__R7MLQ9__BN739_01225
M_HWI-D00536:231:C8TENANXX:7:2313:20816:13358__1.786608	706562__GCA_900112995.1_01415
M_HWI-D00536:231:C8TENANXX:8:1114:16789:4541__1.786965	1262965__R7MQS8__BN739_01907
M_HISEQ:399:HK5V2BCXX:2:2211:8127:62743__1.791329	649756__D4N1B6__HMPREF0369_02032
M_HWI-D00536:231:C8TENANXX:7:2204:15419:13682__1.791634	165179__R6C3K4__PREVCOP_05795
M_HWI-D00536:231:C8TENANXX:8:1207:2503:16117__1.793864	46228__B5CNG6__RUMLAC_01002
M_HWI-D00536:231:C8TENANXX:7:2108:5158:96388__1.794314	1263006__R6LZM6__BN515_01762
MT_HWI-D00536:231:C8TENANXX:7:1109:2126:43758__1.796100	360807__A0A1Q6T5B1__ERS852444_03147
MT_HWI-D00536:231:C8TENANXX:8:1308:19410:51521__1.796304	39485__R5ZNS8__rsmG
MT_HWI-D00536:231:C8TENANXX:8:1304:18829:33402__1.796562	1263030__R5CZV8__BN705_01159
MT_HWI-D00536:231:C8TENANXX:8:2110:7697:52393__1.796606	1263011__R6DNP5__BN553_01272
MT_HWI-D00536:231:C8TENANXX:8:2114:21099:89270__1.796860	1262924__R7HPU8__BN585_00010
MT_HWI-D00536:231:C8TENANXX:8:2202:9778:45172__1.797129	384639__GCA_003096855.1_01175
MT_HWI-D00536:231:C8TENANXX:7:1310:10489:13793__1.797681	293939__A0A0S7DQ22__ALT_4854
MT_HWI-D00536:231:C8TENANXX:7:2105:12665:29934__1.797706	261299__W1UGA7__CLOBAR_02132
MT_HWI-D00536:231:C8TENANXX:8:2208:18838:71334__1.797811	1262965__R7MM29__BN739_00749
MT_HWI-D00536:231:C8TENANXX:7:2205:14806:18392__1.799048	1262761__R6R5E1__BN606_01164
MT_HWI-D00536:231:C8TENANXX:8:1310:17310:98441__1.799392	2022527__A0A264Y9Y7__CHL74_02905
MT_HWI-D00536:231:C8TENANXX:8:1110:16485:67754__1.799531	1262965__R7MRB9__BN739_00216
MT_HWI-D00536:231:C8TENANXX:8:1106:3060:91866__1.799633	28052__A0A174K0K8__ERS852451_01224
MT_HWI-D00536:231:C8TENANXX:7:2112:14007:83359__1.799748	165179__A0A3E5E3D6__DXC61_05750
MT_HWI-D00536:231:C8TENANXX:8:2103:2558:84774__1.800011	1262816__R6CV11__BN687_01123
MT_HWI-D00536:231:C8TENANXX:7:2111:6762:18622__1.800260	261299__B0A839__SAMN02745147_1102
MT_HWI-D00536:231:C8TENANXX:7:2216:3321:12013__1.800712	165179__A0A3E5A5E5__DXC61_13965
MT_HWI-D00536:231:C8TENANXX:7:2108:16163:25798__1.800689	28052__R7NF63__ERS852499_01792
MT_HWI-D00536:231:C8TENANXX:7:1309:19916:87684__1.800882	165179__D1P9T6__PREVCOP_04016
MT_HWI-D00536:231:C8TENANXX:7:2211:9633:78734__1.801052	1262911__R6HJV5__BN557_00309
MT_HWI-D00536:231:C8TENANXX:8:1210:20043:87660__1.801246	626940__E8LG07__BHW43_10200
MT_HWI-D00536:231:C8TENANXX:8:2210:2635:1898__1.801392	261299__W1UK35__SAMN02745147_1320
MT_HWI-D00536:231:C8TENANXX:8:2212:18386:23015__1.802598	261299__B0AC93__CLOBAR_01993
MT_HWI-D00536:231:C8TENANXX:7:2107:6951:94479__1.803146	165179__R6BQP4__DXC61_02015
MT_HWI-D00536:231:C8TENANXX:7:2202:9213:52754__1.803305	165179__D1PGD2__DXC61_10875
MT_HWI-D00536:231:C8TENANXX:7:2301:11482:14692__1.803449	2173__A0A1D2WRA5__METSMIALI_00279
MT_HWI-D00536:231:C8TENANXX:7:1115:8354:15625__1.803868	39491__A0A395UUN5__EUBREC_0291
MT_HWI-D00536:231:C8TENANXX:8:1309:18560:50772__1.803891	1262965__R7MMI5__BN739_01640
MT_HWI-D00536:231:C8TENANXX:8:2112:14741:86661__1.804273	1263006__R6LKC6__BN515_02058
MT_HWI-D00536:231:C8TENANXX:7:1111:9548:16509__1.804425	1262760__R5LCK1__BN758_01101
MT_HWI-D00536:231:C8TENANXX:7:1213:13082:10066__1.804401	1262929__R6FUB1__BN691_00386
MT_HWI-D00536:231:C8TENANXX:8:1201:15791:54139__1.804594	626940__E8LEB7__DCQ00_02550
MT_HWI-D00536:231:C8TENANXX:8:1211:14762:76917__1.804784	39491__C4Z8S1__DXB76_06750
MT_HWI-D00536:231:C8TENANXX:7:2313:4600:96197__1.804933	39485__A0A174YJA4__EUBELI_20421
MT_HWI-D00536:231:C8TENANXX:7:2113:5442:11118__1.805193	165179__A0A174WGF6__PREVCOP_04095
MT_HWI-D00536:231:C8TENANXX:7:2206:20663:44868__1.805509	1262930__R6AA23__BN693_01312
MT_HWI-D00536:231:C8TENANXX:7:2207:2142:70274__1.805620	167__F2NSL6__Tresu_1904
MT_HWI-D00536:231:C8TENANXX:8:2307:19874:58894__1.806712	1267__A0A174AZ38__oleD_5
MT_HWI-D00536:231:C8TENANXX:7:1307:15007:51981__1.806832	165179__D1PGD2__DXC61_10875
MT_HWI-D00536:231:C8TENANXX:8:1311:16444:25905__1.807386	165179__A0A3E5A554__DXB80_13805
MT_HWI-D00536:231:C8TENANXX:8:1109:18406:59952__1.808517	853__A8SGX8__C4N21_08625
MT_HWI-D00536:231:C8TENANXX:8:2203:16204:89288__1.808734	1262760__R5LFS9__BN758_01687
MT_HWI-D00536:231:C8TENANXX:7:2310:18202:23119__1.808888	28052__A0A174PNN9__ERS852451_02058
MT_HWI-D00536:231:C8TENANXX:7:1305:14989:71749__1.809102	39491__A0A395V1Y4__DXB99_08035
MT_HWI-D00536:231:C8TENANXX:8:1104:21301:79754__1.810207	165179__A0A3E5EB26__CFT61_02800
MT_HWI-D00536:231:C8TENANXX:7:1207:14128:81263__1.810414	261299__B0A7D8__CLOBAR_00376
MT_HWI-D00536:231:C8TENANXX:7:2105:19419:54689__1.810479	1262825__R5EER7__BN724_00148
MT_HWI-D00536:231:C8TENANXX:8:1307:1493:36802__1.810737	1263006__R6LYR2__BN515_01475
MT_HWI-D00536:231:C8TENANXX:7:1109:2126:43758__1.810932	360807__A0A1Q6T5B1__ERS852444_03147
MT_HWI-D00536:231:C8TENANXX:8:1308:19410:51521__1.811136	39485__R5ZNS8__rsmG
MT_HWI-D00536:231:C8TENANXX:8:2110:7697:52393__1.811438	1263011__R6DNP5__BN553_01272
MT_HWI-D00536:231:C8TENANXX:8:1304:18829:33402__1.811394	1263030__R5CZV8__BN705_01159
MT_HWI-D00536:231:C8TENANXX:8:2114:21099:89270__1.811692	1262924__R7HPU8__BN585_00010
MT_HWI-D00536:231:C8TENANXX:8:2202:9778:45172__1.811961	384639__GCA_003096855.1_01175
MT_HWI-D00536:231:C8TENANXX:7:1310:10489:13793__1.812513	293939__A0A0S7DQ22__ALT_4854
MT_HWI-D00536:231:C8TENANXX:7:2105:12665:29934__1.812538	261299__W1UGA7__CLOBAR_02132
MT_HWI-D00536:231:C8TENANXX:8:2208:18838:71334__1.812643	1262965__R7MM29__BN739_00749
MT_HWI-D00536:231:C8TENANXX:7:2205:14806:18392__1.813880	1262761__R6R5E1__BN606_01164
MT_HWI-D00536:231:C8TENANXX:8:1310:17310:98441__1.814224	2022527__A0A264Y9Y7__CHL74_02905
MT_HWI-D00536:231:C8TENANXX:8:1110:16485:67754__1.814363	1262965__R7MRB9__BN739_00216
MT_HWI-D00536:231:C8TENANXX:8:1106:3060:91866__1.814465	28052__A0A174K0K8__ERS852451_01224
MT_HWI-D00536:231:C8TENANXX:7:2112:14007:83359__1.814580	165179__A0A3E5E3D6__DXC61_05750
MT_HWI-D00536:231:C8TENANXX:8:2103:2558:84774__1.814843	1262816__R6CV11__BN687_01123
MT_HWI-D00536:231:C8TENANXX:7:2111:6762:18622__1.815092	261299__B0A839__SAMN02745147_1102
MT_HWI-D00536:231:C8TENANXX:7:2108:16163:25798__1.815521	28052__R7NF63__ERS852499_01792
MT_HWI-D00536:231:C8TENANXX:7:2216:3321:12013__1.815544	165179__A0A3E5A5E5__DXC61_13965
MT_HWI-D00536:231:C8TENANXX:7:1309:19916:87684__1.815714	165179__D1P9T6__PREVCOP_04016
MT_HWI-D00536:231:C8TENANXX:7:2211:9633:78734__1.815884	1262911__R6HJV5__BN557_00309
MT_HWI-D00536:231:C8TENANXX:8:1210:20043:87660__1.816078	626940__E8LG07__BHW43_10200
MT_HWI-D00536:231:C8TENANXX:8:2210:2635:1898__1.816224	261299__W1UK35__SAMN02745147_1320
MT_HWI-D00536:231:C8TENANXX:8:2212:18386:23015__1.817430	261299__B0AC93__CLOBAR_01993
MT_HWI-D00536:231:C8TENANXX:7:2107:6951:94479__1.817978	165179__R6BQP4__DXC61_02015
MT_HWI-D00536:231:C8TENANXX:7:2202:9213:52754__1.818137	165179__D1PGD2__DXC61_10875
MT_HWI-D00536:231:C8TENANXX:7:2301:11482:14692__1.818281	2173__A0A1D2WRA5__METSMIALI_00279
MT_HWI-D00536:231:C8TENANXX:7:1115:8354:15625__1.818700	39491__A0A395UUN5__EUBREC_0291
MT_HWI-D00536:231:C8TENANXX:8:1309:18560:50772__1.818723	1262965__R7MMI5__BN739_01640
MT_HWI-D00536:231:C8TENANXX:8:2112:14741:86661__1.819105	1263006__R6LKC6__BN515_02058
MT_HWI-D00536:231:C8TENANXX:7:1213:13082:10066__1.819233	1262929__R6FUB1__BN691_00386
MT_HWI-D00536:231:C8TENANXX:7:1111:9548:16509__1.819257	1262760__R5LCK1__BN758_01101
MT_HWI-D00536:231:C8TENANXX:8:1201:15791:54139__1.819426	626940__E8LEB7__DCQ00_02550
MT_HWI-D00536:231:C8TENANXX:8:1211:14762:76917__1.819616	39491__C4Z8S1__DXB76_06750
MT_HWI-D00536:231:C8TENANXX:7:2313:4600:96197__1.819765	39485__A0A174YJA4__EUBELI_20421
MT_HWI-D00536:231:C8TENANXX:7:2113:5442:11118__1.820025	165179__A0A174WGF6__PREVCOP_04095
MT_HWI-D00536:231:C8TENANXX:7:2206:20663:44868__1.820341	1262930__R6AA23__BN693_01312
MT_HWI-D00536:231:C8TENANXX:7:2207:2142:70274__1.820452	167__F2NSL6__Tresu_1904
MT_HWI-D00536:231:C8TENANXX:8:2307:19874:58894__1.821544	1267__A0A174AZ38__oleD_5
MT_HWI-D00536:231:C8TENANXX:7:1307:15007:51981__1.821664	165179__D1PGD2__DXC61_10875
MT_HWI-D00536:231:C8TENANXX:8:1311:16444:25905__1.822218	165179__A0A3E5A554__DXB80_13805
MT_HWI-D00536:231:C8TENANXX:8:1109:18406:59952__1.823349	853__A8SGX8__C4N21_08625
MT_HWI-D00536:231:C8TENANXX:8:2203:16204:89288__1.823566	1262760__R5LFS9__BN758_01687
MT_HWI-D00536:231:C8TENANXX:7:2310:18202:23119__1.823720	28052__A0A174PNN9__ERS852451_02058
MT_HWI-D00536:231:C8TENANXX:7:1305:14989:71749__1.823934	39491__A0A395V1Y4__DXB99_08035
MT_HWI-D00536:231:C8TENANXX:8:1104:21301:79754__1.825039	165179__A0A3E5EB26__CFT61_02800
MT_HWI-D00536:231:C8TENANXX:7:2105:19419:54689__1.825311	1262825__R5EER7__BN724_00148
MT_HWI-D00536:231:C8TENANXX:7:1207:14128:81263__1.825246	261299__B0A7D8__CLOBAR_00376
MT_HWI-D00536:231:C8TENANXX:8:1307:1493:36802__1.825569	1263006__R6LYR2__BN515_01475
HWI-D00536:231:C8TENANXX:8:1316:15751:30259__1.832724	1262965__R7MQN3__BN739_01889
HWI-D00536:231:C8TENANXX:7:2302:13138:37616__1.837817	1267__A0A174CV13__ERS852473_02068
HWI-D00536:231:C8TENANXX:8:2303:11178:32789__1.838036	154288__A0A174RTA3__gerQ
HWI-D00536:231:C8TENANXX:8:1315:7207:34272__1.844131	2293125__A0A374C0K0__DW917_10610
HWI-D00536:231:C8TENANXX:7:1314:16739:15411__1.863107	76489__A0A1E8EUC5__CLOACE_23150
HISEQ:399:HK5V2BCXX:2:1213:21402:21167__1.869172	167__F2NX07__Tresu_0389
HWI-D00536:231:C8TENANXX:7:1302:17347:21420__1.887670	1262816__R6BYX7__BN687_00408
HISEQ:399:HK5V2BCXX:2:2213:11474:43315__1.889295	136273__A0A0W8I9G1__AVL61_05620
HWI-D00536:231:C8TENANXX:7:1213:8585:62729__1.892829	1261635__A0A1Q9J2W9__BIV16_10435
HWI-D00536:231:C8TENANXX:7:1101:13363:72510__1.896629	39491__A0A174K1W6__DXB99_15020
HWI-D00536:231:C8TENANXX:8:1216:17614:97593__1.905686	39491__A0A396FEW6__T1815_18721
HWI-D00536:231:C8TENANXX:8:1201:14655:67242__1.913884	458033__GCA_001482755.1_02203
HISEQ:399:HK5V2BCXX:2:2116:7854:65061__1.918538	1263030__R5CUH1__BN705_00716
HWI-D00536:231:C8TENANXX:7:1114:16015:10516__1.920139	39492__D4JVX0__udk
HISEQ:399:HK5V2BCXX:2:1213:11327:61746__1.925850	1262761__R6QMJ7__BN606_00803
HWI-D00536:231:C8TENANXX:8:2108:10940:98932__1.930970	261299__R5XSC9__CLOBAR_00839
HWI-D00536:231:C8TENANXX:7:2214:12479:21976__1.931166	165179__D1PGU8__PREVCOP_06463
HWI-D00536:231:C8TENANXX:8:2214:18070:49147__1.934321	2173__R7PS55__BK798_05180
HISEQ:399:HK5V2BCXX:2:2214:14293:21332__1.939968	167__F2NT64__Tresu_1764
HWI-D00536:231:C8TENANXX:7:1115:11623:92617__1.946192	28052__R7NAP6__ERS852499_01969
HWI-D00536:231:C8TENANXX:8:2315:16059:100666__1.950962	39491__A0A174EQV2__DXB69_10230
HISEQ:399:HK5V2BCXX:2:1105:17903:9303__1.965675	167__F2NSA5__Tresu_1642
HWI-D00536:231:C8TENANXX:7:2309:9675:63146__1.972059	39491__A0A395ZG74__licR
HWI-D00536:231:C8TENANXX:7:2306:16857:12973__1.973120	39485__A0A174ZNW9__luxQ_1
HWI-D00536:231:C8TENANXX:7:1316:14648:92073__1.987862	39485__A0A174YJA4__EUBELI_20421
HWI-D00536:231:C8TENANXX:7:2302:13138:37616__1.995050	1267__A0A174CV13__ERS852473_02068
HWI-D00536:231:C8TENANXX:8:2302:3492:72789__1.997807	54262__A0A170T1J7__CHITON_2134
HWI-D00536:231:C8TENANXX:8:1315:7207:34272__1.1001364	2293125__A0A374C0K0__DW917_10610
HWI-D00536:231:C8TENANXX:8:2206:5743:3281__1.1021233	2014542__A0A220SSC6__CEK62_19860
HISEQ:399:HK5V2BCXX:2:1213:21402:21167__1.1026405	167__F2NX07__Tresu_0389
HWI-D00536:231:C8TENANXX:7:2305:7858:55830__1.1036872	28052__R7N9R4__gsiA_2
HISEQ:399:HK5V2BCXX:2:2213:11474:43315__1.1046528	136273__A0A0W8I9G1__AVL61_05620
HWI-D00536:231:C8TENANXX:8:1215:8931:72540__1.1048192	1735__B7C8J4__EUBIFOR_00498
HWI-D00536:231:C8TENANXX:7:1213:8585:62729__1.1050062	1261635__A0A1Q9J2W9__BIV16_10435
HWI-D00536:231:C8TENANXX:7:1101:13363:72510__1.1053862	39491__A0A174K1W6__DXB99_15020
HWI-D00536:231:C8TENANXX:7:1203:7402:43594__1.1058460	39491__A0A395ZE48__DXB76_02395
HWI-D00536:231:C8TENANXX:8:1216:17614:97593__1.1062919	39491__A0A396FEW6__T1815_18721
HWI-D00536:231:C8TENANXX:7:1114:16015:10516__1.1077372	39492__D4JVX0__udk
HISEQ:399:HK5V2BCXX:2:1213:11327:61746__1.1083083	1262761__R6QMJ7__BN606_00803
HWI-D00536:231:C8TENANXX:8:2108:10940:98932__1.1088203	261299__R5XSC9__CLOBAR_00839
HWI-D00536:231:C8TENANXX:7:2214:12479:21976__1.1088399	165179__D1PGU8__PREVCOP_06463
HISEQ:399:HK5V2BCXX:2:2214:14293:21332__1.1097201	167__F2NT64__Tresu_1764
HWI-D00536:231:C8TENANXX:7:1115:11623:92617__1.1103425	28052__R7NAP6__ERS852499_01969
HWI-D00536:231:C8TENANXX:8:2315:16059:100666__1.1108195	39491__A0A174EQV2__DXB69_10230
HISEQ:399:HK5V2BCXX:2:1105:17903:9303__1.1122908	167__F2NSA5__Tresu_1642
HWI-D00536:231:C8TENANXX:7:2309:9675:63146__1.1129292	39491__A0A395ZG74__licR
HWI-D00536:231:C8TENANXX:7:2306:16857:12973__1.1130353	39485__A0A174ZNW9__luxQ_1
HWI-D00536:231:C8TENANXX:8:2304:13385:21409__1.1143229	261299__R5Y4V6__addA
HWI-D00536:231:C8TENANXX:8:1107:18079:64592__1.1146333	165179__A0A3E5AEF7__DXC61_05000
HISEQ:399:HK5V2BCXX:2:1210:10866:76653__1.1149625	39485__C4Z1Y9__EUBELI_00143
HWI-D00536:231:C8TENANXX:8:2212:10025:71988__1.1156142	261299__B0A813__CLOBAR_00758
HWI-D00536:231:C8TENANXX:8:1302:8146:21863__1.1163974	167__F2NSX4__Tresu_1526
HWI-D00536:231:C8TENANXX:8:2304:13385:21409__1.1173362	261299__R5Y4V6__addA
HWI-D00536:231:C8TENANXX:8:1107:18079:64592__1.1176466	165179__A0A3E5AEF7__DXC61_05000
HISEQ:399:HK5V2BCXX:2:1210:10866:76653__1.1179758	39485__C4Z1Y9__EUBELI_00143
HWI-D00536:231:C8TENANXX:8:2212:10025:71988__1.1186275	261299__B0A813__CLOBAR_00758
HWI-D00536:231:C8TENANXX:8:1302:8146:21863__1.1194107	167__F2NSX4__Tresu_1526
#nreads	492392
#avg_read_length	97.97967473070237